[3J[H[2Jdistance/100
terminate called after throwing an instance of 'cv::Exception'
  what():  OpenCV(3.4.2) /home/welerson_a_melo/OpenCV/modules/imgproc/src/color.hpp:253: error: (-215:Assertion failed) VScn::contains(scn) && VDcn::contains(dcn) && VDepth::contains(depth) in function 'CvtHelper'

executar.detector_CV.distance: line 4:  1109 Aborted                 ./detector_CV ../dataset/2D/distance/100/100.gLogMap.jpg ../dataset/2D/distance/100/100
terminate called after throwing an instance of 'cv::Exception'
  what():  OpenCV(3.4.2) /home/welerson_a_melo/OpenCV/modules/imgproc/src/color.hpp:253: error: (-215:Assertion failed) VScn::contains(scn) && VDcn::contains(dcn) && VDepth::contains(depth) in function 'CvtHelper'

executar.detector_CV.distance: line 5:  1111 Aborted                 ./detector_CV ../dataset/2D/distance/100/100.gReinhard05.jpg ../dataset/2D/distance/100/100
Imagem HDR
S:0.999998
[0.015026101, 0.028568972, 0.035390727, 0.028568972, 0.015026101;
 0.028568972, 0.054317895, 0.067288034, 0.054317895, 0.028568972;
 0.035390727, 0.067288034, 0.083355203, 0.067288034, 0.035390727;
 0.028568972, 0.054317895, 0.067288034, 0.054317895, 0.028568972;
 0.015026101, 0.028568972, 0.035390727, 0.028568972, 0.015026101]
[3J[H[2Jlighting/001
Imagem HDR
S:0.999998
[0.015026101, 0.028568972, 0.035390727, 0.028568972, 0.015026101;
 0.028568972, 0.054317895, 0.067288034, 0.054317895, 0.028568972;
 0.035390727, 0.067288034, 0.083355203, 0.067288034, 0.035390727;
 0.028568972, 0.054317895, 0.067288034, 0.054317895, 0.028568972;
 0.015026101, 0.028568972, 0.035390727, 0.028568972, 0.015026101]
[3J[H[2Jviewpoint/00
Imagem HDR
S:0.999998
[0.015026101, 0.028568972, 0.035390727, 0.028568972, 0.015026101;
 0.028568972, 0.054317895, 0.067288034, 0.054317895, 0.028568972;
 0.035390727, 0.067288034, 0.083355203, 0.067288034, 0.035390727;
 0.028568972, 0.054317895, 0.067288034, 0.054317895, 0.028568972;
 0.015026101, 0.028568972, 0.035390727, 0.028568972, 0.015026101]
quantidade KeyPoints: 21320
Salvando keypoints ROIs no arquivo...
S:0.999998
[0.015026101, 0.028568972, 0.035390727, 0.028568972, 0.015026101;
 0.028568972, 0.054317895, 0.067288034, 0.054317895, 0.028568972;
 0.035390727, 0.067288034, 0.083355203, 0.067288034, 0.035390727;
 0.028568972, 0.054317895, 0.067288034, 0.054317895, 0.028568972;
 0.015026101, 0.028568972, 0.035390727, 0.028568972, 0.015026101]
quantidade KeyPoints: 21726
Salvando keypoints ROIs no arquivo...
S:0.999998
[0.015026101, 0.028568972, 0.035390727, 0.028568972, 0.015026101;
 0.028568972, 0.054317895, 0.067288034, 0.054317895, 0.028568972;
 0.035390727, 0.067288034, 0.083355203, 0.067288034, 0.035390727;
 0.028568972, 0.054317895, 0.067288034, 0.054317895, 0.028568972;
 0.015026101, 0.028568972, 0.035390727, 0.028568972, 0.015026101]
quantidade KeyPoints: 20808
Salvando keypoints ROIs no arquivo...
S:0.999998
[0.015026101, 0.028568972, 0.035390727, 0.028568972, 0.015026101;
 0.028568972, 0.054317895, 0.067288034, 0.054317895, 0.028568972;
 0.035390727, 0.067288034, 0.083355203, 0.067288034, 0.035390727;
 0.028568972, 0.054317895, 0.067288034, 0.054317895, 0.028568972;
 0.015026101, 0.028568972, 0.035390727, 0.028568972, 0.015026101]
quantidade KeyPoints: 20528
Salvando keypoints ROIs no arquivo...
S:0.999998
[0.015026101, 0.028568972, 0.035390727, 0.028568972, 0.015026101;
 0.028568972, 0.054317895, 0.067288034, 0.054317895, 0.028568972;
 0.035390727, 0.067288034, 0.083355203, 0.067288034, 0.035390727;
 0.028568972, 0.054317895, 0.067288034, 0.054317895, 0.028568972;
 0.015026101, 0.028568972, 0.035390727, 0.028568972, 0.015026101]
quantidade KeyPoints: 20299
Salvando keypoints ROIs no arquivo...
S:0.999998
[0.015026101, 0.028568972, 0.035390727, 0.028568972, 0.015026101;
 0.028568972, 0.054317895, 0.067288034, 0.054317895, 0.028568972;
 0.035390727, 0.067288034, 0.083355203, 0.067288034, 0.035390727;
 0.028568972, 0.054317895, 0.067288034, 0.054317895, 0.028568972;
 0.015026101, 0.028568972, 0.035390727, 0.028568972, 0.015026101]
quantidade KeyPoints: 17827
Salvando keypoints ROIs no arquivo...
S:0.999998
[0.015026101, 0.028568972, 0.035390727, 0.028568972, 0.015026101;
 0.028568972, 0.054317895, 0.067288034, 0.054317895, 0.028568972;
 0.035390727, 0.067288034, 0.083355203, 0.067288034, 0.035390727;
 0.028568972, 0.054317895, 0.067288034, 0.054317895, 0.028568972;
 0.015026101, 0.028568972, 0.035390727, 0.028568972, 0.015026101]
quantidade KeyPoints: 20097
Salvando keypoints ROIs no arquivo...
S:0.999998
[0.015026101, 0.028568972, 0.035390727, 0.028568972, 0.015026101;
 0.028568972, 0.054317895, 0.067288034, 0.054317895, 0.028568972;
 0.035390727, 0.067288034, 0.083355203, 0.067288034, 0.035390727;
 0.028568972, 0.054317895, 0.067288034, 0.054317895, 0.028568972;
 0.015026101, 0.028568972, 0.035390727, 0.028568972, 0.015026101]
quantidade KeyPoints: 19165
Salvando keypoints ROIs no arquivo...
S:0.999998
[0.015026101, 0.028568972, 0.035390727, 0.028568972, 0.015026101;
 0.028568972, 0.054317895, 0.067288034, 0.054317895, 0.028568972;
 0.035390727, 0.067288034, 0.083355203, 0.067288034, 0.035390727;
 0.028568972, 0.054317895, 0.067288034, 0.054317895, 0.028568972;
 0.015026101, 0.028568972, 0.035390727, 0.028568972, 0.015026101]
quantidade KeyPoints: 15692
Salvando keypoints ROIs no arquivo...
S:0.999998
[0.015026101, 0.028568972, 0.035390727, 0.028568972, 0.015026101;
 0.028568972, 0.054317895, 0.067288034, 0.054317895, 0.028568972;
 0.035390727, 0.067288034, 0.083355203, 0.067288034, 0.035390727;
 0.028568972, 0.054317895, 0.067288034, 0.054317895, 0.028568972;
 0.015026101, 0.028568972, 0.035390727, 0.028568972, 0.015026101]
quantidade KeyPoints: 18510
Salvando keypoints ROIs no arquivo...
S:0.999998
[0.015026101, 0.028568972, 0.035390727, 0.028568972, 0.015026101;
 0.028568972, 0.054317895, 0.067288034, 0.054317895, 0.028568972;
 0.035390727, 0.067288034, 0.083355203, 0.067288034, 0.035390727;
 0.028568972, 0.054317895, 0.067288034, 0.054317895, 0.028568972;
 0.015026101, 0.028568972, 0.035390727, 0.028568972, 0.015026101]
quantidade KeyPoints: 21063
Salvando keypoints ROIs no arquivo...
S:0.999998
[0.015026101, 0.028568972, 0.035390727, 0.028568972, 0.015026101;
 0.028568972, 0.054317895, 0.067288034, 0.054317895, 0.028568972;
 0.035390727, 0.067288034, 0.083355203, 0.067288034, 0.035390727;
 0.028568972, 0.054317895, 0.067288034, 0.054317895, 0.028568972;
 0.015026101, 0.028568972, 0.035390727, 0.028568972, 0.015026101]
quantidade KeyPoints: 23214
Salvando keypoints ROIs no arquivo...
S:0.999998
[0.015026101, 0.028568972, 0.035390727, 0.028568972, 0.015026101;
 0.028568972, 0.054317895, 0.067288034, 0.054317895, 0.028568972;
 0.035390727, 0.067288034, 0.083355203, 0.067288034, 0.035390727;
 0.028568972, 0.054317895, 0.067288034, 0.054317895, 0.028568972;
 0.015026101, 0.028568972, 0.035390727, 0.028568972, 0.015026101]
quantidade KeyPoints: 16649
Salvando keypoints ROIs no arquivo...
Imagem HDR
S:0.999998
[0.015026101, 0.028568972, 0.035390727, 0.028568972, 0.015026101;
 0.028568972, 0.054317895, 0.067288034, 0.054317895, 0.028568972;
 0.035390727, 0.067288034, 0.083355203, 0.067288034, 0.035390727;
 0.028568972, 0.054317895, 0.067288034, 0.054317895, 0.028568972;
 0.015026101, 0.028568972, 0.035390727, 0.028568972, 0.015026101]
quantidade KeyPoints: 17031
Salvando keypoints ROIs no arquivo...
Imagem HDR
S:0.999998
[0.015026101, 0.028568972, 0.035390727, 0.028568972, 0.015026101;
 0.028568972, 0.054317895, 0.067288034, 0.054317895, 0.028568972;
 0.035390727, 0.067288034, 0.083355203, 0.067288034, 0.035390727;
 0.028568972, 0.054317895, 0.067288034, 0.054317895, 0.028568972;
 0.015026101, 0.028568972, 0.035390727, 0.028568972, 0.015026101]
quantidade KeyPoints: 18466
Salvando keypoints ROIs no arquivo...
[3J[H[2Jdistance/103
terminate called after throwing an instance of 'cv::Exception'
  what():  OpenCV(3.4.2) /home/welerson_a_melo/OpenCV/modules/imgproc/src/color.hpp:253: error: (-215:Assertion failed) VScn::contains(scn) && VDcn::contains(dcn) && VDepth::contains(depth) in function 'CvtHelper'

executar.detector_CV.distance: line 16:  1286 Aborted                 ./detector_CV ../dataset/2D/distance/103/103.gLogMap.jpg ../dataset/2D/distance/103/103
terminate called after throwing an instance of 'cv::Exception'
  what():  OpenCV(3.4.2) /home/welerson_a_melo/OpenCV/modules/imgproc/src/color.hpp:253: error: (-215:Assertion failed) VScn::contains(scn) && VDcn::contains(dcn) && VDepth::contains(depth) in function 'CvtHelper'

executar.detector_CV.distance: line 17:  1288 Aborted                 ./detector_CV ../dataset/2D/distance/103/103.gReinhard05.jpg ../dataset/2D/distance/103/103
quantidade KeyPoints: 15676
Salvando keypoints ROIs no arquivo...
Imagem HDR
S:0.999998
[0.015026101, 0.028568972, 0.035390727, 0.028568972, 0.015026101;
 0.028568972, 0.054317895, 0.067288034, 0.054317895, 0.028568972;
 0.035390727, 0.067288034, 0.083355203, 0.067288034, 0.035390727;
 0.028568972, 0.054317895, 0.067288034, 0.054317895, 0.028568972;
 0.015026101, 0.028568972, 0.035390727, 0.028568972, 0.015026101]
Imagem HDR
S:0.999998
[0.015026101, 0.028568972, 0.035390727, 0.028568972, 0.015026101;
 0.028568972, 0.054317895, 0.067288034, 0.054317895, 0.028568972;
 0.035390727, 0.067288034, 0.083355203, 0.067288034, 0.035390727;
 0.028568972, 0.054317895, 0.067288034, 0.054317895, 0.028568972;
 0.015026101, 0.028568972, 0.035390727, 0.028568972, 0.015026101]
quantidade KeyPoints: 19022
Salvando keypoints ROIs no arquivo...
[3J[H[2Jlighting/010
Imagem HDR
S:0.999998
[0.015026101, 0.028568972, 0.035390727, 0.028568972, 0.015026101;
 0.028568972, 0.054317895, 0.067288034, 0.054317895, 0.028568972;
 0.035390727, 0.067288034, 0.083355203, 0.067288034, 0.035390727;
 0.028568972, 0.054317895, 0.067288034, 0.054317895, 0.028568972;
 0.015026101, 0.028568972, 0.035390727, 0.028568972, 0.015026101]
quantidade KeyPoints: 18058
Salvando keypoints ROIs no arquivo...
[3J[H[2Jviewpoint/01
Imagem HDR
S:0.999998
[0.015026101, 0.028568972, 0.035390727, 0.028568972, 0.015026101;
 0.028568972, 0.054317895, 0.067288034, 0.054317895, 0.028568972;
 0.035390727, 0.067288034, 0.083355203, 0.067288034, 0.035390727;
 0.028568972, 0.054317895, 0.067288034, 0.054317895, 0.028568972;
 0.015026101, 0.028568972, 0.035390727, 0.028568972, 0.015026101]
quantidade KeyPoints: 21709
Salvando keypoints ROIs no arquivo...
S:0.999998
[0.015026101, 0.028568972, 0.035390727, 0.028568972, 0.015026101;
 0.028568972, 0.054317895, 0.067288034, 0.054317895, 0.028568972;
 0.035390727, 0.067288034, 0.083355203, 0.067288034, 0.035390727;
 0.028568972, 0.054317895, 0.067288034, 0.054317895, 0.028568972;
 0.015026101, 0.028568972, 0.035390727, 0.028568972, 0.015026101]
quantidade KeyPoints: 21950
Salvando keypoints ROIs no arquivo...
S:0.999998
[0.015026101, 0.028568972, 0.035390727, 0.028568972, 0.015026101;
 0.028568972, 0.054317895, 0.067288034, 0.054317895, 0.028568972;
 0.035390727, 0.067288034, 0.083355203, 0.067288034, 0.035390727;
 0.028568972, 0.054317895, 0.067288034, 0.054317895, 0.028568972;
 0.015026101, 0.028568972, 0.035390727, 0.028568972, 0.015026101]
quantidade KeyPoints: 21035
Salvando keypoints ROIs no arquivo...
S:0.999998
[0.015026101, 0.028568972, 0.035390727, 0.028568972, 0.015026101;
 0.028568972, 0.054317895, 0.067288034, 0.054317895, 0.028568972;
 0.035390727, 0.067288034, 0.083355203, 0.067288034, 0.035390727;
 0.028568972, 0.054317895, 0.067288034, 0.054317895, 0.028568972;
 0.015026101, 0.028568972, 0.035390727, 0.028568972, 0.015026101]
quantidade KeyPoints: 19940
Salvando keypoints ROIs no arquivo...
S:0.999998
[0.015026101, 0.028568972, 0.035390727, 0.028568972, 0.015026101;
 0.028568972, 0.054317895, 0.067288034, 0.054317895, 0.028568972;
 0.035390727, 0.067288034, 0.083355203, 0.067288034, 0.035390727;
 0.028568972, 0.054317895, 0.067288034, 0.054317895, 0.028568972;
 0.015026101, 0.028568972, 0.035390727, 0.028568972, 0.015026101]
quantidade KeyPoints: 10103
Salvando keypoints ROIs no arquivo...
S:0.999998
[0.015026101, 0.028568972, 0.035390727, 0.028568972, 0.015026101;
 0.028568972, 0.054317895, 0.067288034, 0.054317895, 0.028568972;
 0.035390727, 0.067288034, 0.083355203, 0.067288034, 0.035390727;
 0.028568972, 0.054317895, 0.067288034, 0.054317895, 0.028568972;
 0.015026101, 0.028568972, 0.035390727, 0.028568972, 0.015026101]
quantidade KeyPoints: 17488
Salvando keypoints ROIs no arquivo...
S:0.999998
[0.015026101, 0.028568972, 0.035390727, 0.028568972, 0.015026101;
 0.028568972, 0.054317895, 0.067288034, 0.054317895, 0.028568972;
 0.035390727, 0.067288034, 0.083355203, 0.067288034, 0.035390727;
 0.028568972, 0.054317895, 0.067288034, 0.054317895, 0.028568972;
 0.015026101, 0.028568972, 0.035390727, 0.028568972, 0.015026101]
quantidade KeyPoints: 17575
Salvando keypoints ROIs no arquivo...
S:0.999998
[0.015026101, 0.028568972, 0.035390727, 0.028568972, 0.015026101;
 0.028568972, 0.054317895, 0.067288034, 0.054317895, 0.028568972;
 0.035390727, 0.067288034, 0.083355203, 0.067288034, 0.035390727;
 0.028568972, 0.054317895, 0.067288034, 0.054317895, 0.028568972;
 0.015026101, 0.028568972, 0.035390727, 0.028568972, 0.015026101]
quantidade KeyPoints: 11805
Salvando keypoints ROIs no arquivo...
S:0.999998
[0.015026101, 0.028568972, 0.035390727, 0.028568972, 0.015026101;
 0.028568972, 0.054317895, 0.067288034, 0.054317895, 0.028568972;
 0.035390727, 0.067288034, 0.083355203, 0.067288034, 0.035390727;
 0.028568972, 0.054317895, 0.067288034, 0.054317895, 0.028568972;
 0.015026101, 0.028568972, 0.035390727, 0.028568972, 0.015026101]
quantidade KeyPoints: 15771
Salvando keypoints ROIs no arquivo...
S:0.999998
[0.015026101, 0.028568972, 0.035390727, 0.028568972, 0.015026101;
 0.028568972, 0.054317895, 0.067288034, 0.054317895, 0.028568972;
 0.035390727, 0.067288034, 0.083355203, 0.067288034, 0.035390727;
 0.028568972, 0.054317895, 0.067288034, 0.054317895, 0.028568972;
 0.015026101, 0.028568972, 0.035390727, 0.028568972, 0.015026101]
quantidade KeyPoints: 23952
Salvando keypoints ROIs no arquivo...
S:0.999998
[0.015026101, 0.028568972, 0.035390727, 0.028568972, 0.015026101;
 0.028568972, 0.054317895, 0.067288034, 0.054317895, 0.028568972;
 0.035390727, 0.067288034, 0.083355203, 0.067288034, 0.035390727;
 0.028568972, 0.054317895, 0.067288034, 0.054317895, 0.028568972;
 0.015026101, 0.028568972, 0.035390727, 0.028568972, 0.015026101]
quantidade KeyPoints: 25855
Salvando keypoints ROIs no arquivo...
S:0.999998
[0.015026101, 0.028568972, 0.035390727, 0.028568972, 0.015026101;
 0.028568972, 0.054317895, 0.067288034, 0.054317895, 0.028568972;
 0.035390727, 0.067288034, 0.083355203, 0.067288034, 0.035390727;
 0.028568972, 0.054317895, 0.067288034, 0.054317895, 0.028568972;
 0.015026101, 0.028568972, 0.035390727, 0.028568972, 0.015026101]
quantidade KeyPoints: 23766
Salvando keypoints ROIs no arquivo...
S:0.999998
[0.015026101, 0.028568972, 0.035390727, 0.028568972, 0.015026101;
 0.028568972, 0.054317895, 0.067288034, 0.054317895, 0.028568972;
 0.035390727, 0.067288034, 0.083355203, 0.067288034, 0.035390727;
 0.028568972, 0.054317895, 0.067288034, 0.054317895, 0.028568972;
 0.015026101, 0.028568972, 0.035390727, 0.028568972, 0.015026101]
quantidade KeyPoints: 16271
Salvando keypoints ROIs no arquivo...
Imagem HDR
S:0.999998
[0.015026101, 0.028568972, 0.035390727, 0.028568972, 0.015026101;
 0.028568972, 0.054317895, 0.067288034, 0.054317895, 0.028568972;
 0.035390727, 0.067288034, 0.083355203, 0.067288034, 0.035390727;
 0.028568972, 0.054317895, 0.067288034, 0.054317895, 0.028568972;
 0.015026101, 0.028568972, 0.035390727, 0.028568972, 0.015026101]
quantidade KeyPoints: 17813
Salvando keypoints ROIs no arquivo...
Imagem HDR
S:0.999998
[0.015026101, 0.028568972, 0.035390727, 0.028568972, 0.015026101;
 0.028568972, 0.054317895, 0.067288034, 0.054317895, 0.028568972;
 0.035390727, 0.067288034, 0.083355203, 0.067288034, 0.035390727;
 0.028568972, 0.054317895, 0.067288034, 0.054317895, 0.028568972;
 0.015026101, 0.028568972, 0.035390727, 0.028568972, 0.015026101]
quantidade KeyPoints: 16162
Salvando keypoints ROIs no arquivo...
Imagem HDR
S:0.999998
[0.015026101, 0.028568972, 0.035390727, 0.028568972, 0.015026101;
 0.028568972, 0.054317895, 0.067288034, 0.054317895, 0.028568972;
 0.035390727, 0.067288034, 0.083355203, 0.067288034, 0.035390727;
 0.028568972, 0.054317895, 0.067288034, 0.054317895, 0.028568972;
 0.015026101, 0.028568972, 0.035390727, 0.028568972, 0.015026101]
quantidade KeyPoints: 19019
Salvando keypoints ROIs no arquivo...
[3J[H[2Jdistance/109
terminate called after throwing an instance of 'cv::Exception'
  what():  OpenCV(3.4.2) /home/welerson_a_melo/OpenCV/modules/imgproc/src/color.hpp:253: error: (-215:Assertion failed) VScn::contains(scn) && VDcn::contains(dcn) && VDepth::contains(depth) in function 'CvtHelper'

executar.detector_CV.distance: line 29:  1504 Aborted                 ./detector_CV ../dataset/2D/distance/109/109.gLogMap.jpg ../dataset/2D/distance/109/109
terminate called after throwing an instance of 'cv::Exception'
  what():  OpenCV(3.4.2) /home/welerson_a_melo/OpenCV/modules/imgproc/src/color.hpp:253: error: (-215:Assertion failed) VScn::contains(scn) && VDcn::contains(dcn) && VDepth::contains(depth) in function 'CvtHelper'

executar.detector_CV.distance: line 30:  1506 Aborted                 ./detector_CV ../dataset/2D/distance/109/109.gReinhard05.jpg ../dataset/2D/distance/109/109
Imagem HDR
S:0.999998
[0.015026101, 0.028568972, 0.035390727, 0.028568972, 0.015026101;
 0.028568972, 0.054317895, 0.067288034, 0.054317895, 0.028568972;
 0.035390727, 0.067288034, 0.083355203, 0.067288034, 0.035390727;
 0.028568972, 0.054317895, 0.067288034, 0.054317895, 0.028568972;
 0.015026101, 0.028568972, 0.035390727, 0.028568972, 0.015026101]
quantidade KeyPoints: 19706
Salvando keypoints ROIs no arquivo...
[3J[H[2Jlighting/011
Imagem HDR
S:0.999998
[0.015026101, 0.028568972, 0.035390727, 0.028568972, 0.015026101;
 0.028568972, 0.054317895, 0.067288034, 0.054317895, 0.028568972;
 0.035390727, 0.067288034, 0.083355203, 0.067288034, 0.035390727;
 0.028568972, 0.054317895, 0.067288034, 0.054317895, 0.028568972;
 0.015026101, 0.028568972, 0.035390727, 0.028568972, 0.015026101]
quantidade KeyPoints: 18918
Salvando keypoints ROIs no arquivo...
[3J[H[2Jviewpoint/02
Imagem HDR
S:0.999998
[0.015026101, 0.028568972, 0.035390727, 0.028568972, 0.015026101;
 0.028568972, 0.054317895, 0.067288034, 0.054317895, 0.028568972;
 0.035390727, 0.067288034, 0.083355203, 0.067288034, 0.035390727;
 0.028568972, 0.054317895, 0.067288034, 0.054317895, 0.028568972;
 0.015026101, 0.028568972, 0.035390727, 0.028568972, 0.015026101]
quantidade KeyPoints: 21892
Salvando keypoints ROIs no arquivo...
S:0.999998
[0.015026101, 0.028568972, 0.035390727, 0.028568972, 0.015026101;
 0.028568972, 0.054317895, 0.067288034, 0.054317895, 0.028568972;
 0.035390727, 0.067288034, 0.083355203, 0.067288034, 0.035390727;
 0.028568972, 0.054317895, 0.067288034, 0.054317895, 0.028568972;
 0.015026101, 0.028568972, 0.035390727, 0.028568972, 0.015026101]
quantidade KeyPoints: 21844
Salvando keypoints ROIs no arquivo...
S:0.999998
[0.015026101, 0.028568972, 0.035390727, 0.028568972, 0.015026101;
 0.028568972, 0.054317895, 0.067288034, 0.054317895, 0.028568972;
 0.035390727, 0.067288034, 0.083355203, 0.067288034, 0.035390727;
 0.028568972, 0.054317895, 0.067288034, 0.054317895, 0.028568972;
 0.015026101, 0.028568972, 0.035390727, 0.028568972, 0.015026101]
quantidade KeyPoints: 21003
Salvando keypoints ROIs no arquivo...
S:0.999998
[0.015026101, 0.028568972, 0.035390727, 0.028568972, 0.015026101;
 0.028568972, 0.054317895, 0.067288034, 0.054317895, 0.028568972;
 0.035390727, 0.067288034, 0.083355203, 0.067288034, 0.035390727;
 0.028568972, 0.054317895, 0.067288034, 0.054317895, 0.028568972;
 0.015026101, 0.028568972, 0.035390727, 0.028568972, 0.015026101]
quantidade KeyPoints: 20504
Salvando keypoints ROIs no arquivo...
S:0.999998
[0.015026101, 0.028568972, 0.035390727, 0.028568972, 0.015026101;
 0.028568972, 0.054317895, 0.067288034, 0.054317895, 0.028568972;
 0.035390727, 0.067288034, 0.083355203, 0.067288034, 0.035390727;
 0.028568972, 0.054317895, 0.067288034, 0.054317895, 0.028568972;
 0.015026101, 0.028568972, 0.035390727, 0.028568972, 0.015026101]
quantidade KeyPoints: 19821
Salvando keypoints ROIs no arquivo...
S:0.999998
[0.015026101, 0.028568972, 0.035390727, 0.028568972, 0.015026101;
 0.028568972, 0.054317895, 0.067288034, 0.054317895, 0.028568972;
 0.035390727, 0.067288034, 0.083355203, 0.067288034, 0.035390727;
 0.028568972, 0.054317895, 0.067288034, 0.054317895, 0.028568972;
 0.015026101, 0.028568972, 0.035390727, 0.028568972, 0.015026101]
quantidade KeyPoints: 18405
Salvando keypoints ROIs no arquivo...
S:0.999998
[0.015026101, 0.028568972, 0.035390727, 0.028568972, 0.015026101;
 0.028568972, 0.054317895, 0.067288034, 0.054317895, 0.028568972;
 0.035390727, 0.067288034, 0.083355203, 0.067288034, 0.035390727;
 0.028568972, 0.054317895, 0.067288034, 0.054317895, 0.028568972;
 0.015026101, 0.028568972, 0.035390727, 0.028568972, 0.015026101]
quantidade KeyPoints: 20247
Salvando keypoints ROIs no arquivo...
S:0.999998
[0.015026101, 0.028568972, 0.035390727, 0.028568972, 0.015026101;
 0.028568972, 0.054317895, 0.067288034, 0.054317895, 0.028568972;
 0.035390727, 0.067288034, 0.083355203, 0.067288034, 0.035390727;
 0.028568972, 0.054317895, 0.067288034, 0.054317895, 0.028568972;
 0.015026101, 0.028568972, 0.035390727, 0.028568972, 0.015026101]
quantidade KeyPoints: 17044
Salvando keypoints ROIs no arquivo...
S:0.999998
[0.015026101, 0.028568972, 0.035390727, 0.028568972, 0.015026101;
 0.028568972, 0.054317895, 0.067288034, 0.054317895, 0.028568972;
 0.035390727, 0.067288034, 0.083355203, 0.067288034, 0.035390727;
 0.028568972, 0.054317895, 0.067288034, 0.054317895, 0.028568972;
 0.015026101, 0.028568972, 0.035390727, 0.028568972, 0.015026101]
quantidade KeyPoints: 16083
Salvando keypoints ROIs no arquivo...
S:0.999998
[0.015026101, 0.028568972, 0.035390727, 0.028568972, 0.015026101;
 0.028568972, 0.054317895, 0.067288034, 0.054317895, 0.028568972;
 0.035390727, 0.067288034, 0.083355203, 0.067288034, 0.035390727;
 0.028568972, 0.054317895, 0.067288034, 0.054317895, 0.028568972;
 0.015026101, 0.028568972, 0.035390727, 0.028568972, 0.015026101]
quantidade KeyPoints: 24276
Salvando keypoints ROIs no arquivo...
S:0.999998
[0.015026101, 0.028568972, 0.035390727, 0.028568972, 0.015026101;
 0.028568972, 0.054317895, 0.067288034, 0.054317895, 0.028568972;
 0.035390727, 0.067288034, 0.083355203, 0.067288034, 0.035390727;
 0.028568972, 0.054317895, 0.067288034, 0.054317895, 0.028568972;
 0.015026101, 0.028568972, 0.035390727, 0.028568972, 0.015026101]
quantidade KeyPoints: 19911
Salvando keypoints ROIs no arquivo...
S:0.999998
[0.015026101, 0.028568972, 0.035390727, 0.028568972, 0.015026101;
 0.028568972, 0.054317895, 0.067288034, 0.054317895, 0.028568972;
 0.035390727, 0.067288034, 0.083355203, 0.067288034, 0.035390727;
 0.028568972, 0.054317895, 0.067288034, 0.054317895, 0.028568972;
 0.015026101, 0.028568972, 0.035390727, 0.028568972, 0.015026101]
quantidade KeyPoints: 23467
Salvando keypoints ROIs no arquivo...
S:0.999998
[0.015026101, 0.028568972, 0.035390727, 0.028568972, 0.015026101;
 0.028568972, 0.054317895, 0.067288034, 0.054317895, 0.028568972;
 0.035390727, 0.067288034, 0.083355203, 0.067288034, 0.035390727;
 0.028568972, 0.054317895, 0.067288034, 0.054317895, 0.028568972;
 0.015026101, 0.028568972, 0.035390727, 0.028568972, 0.015026101]
quantidade KeyPoints: 15550
Salvando keypoints ROIs no arquivo...
Imagem HDR
S:0.999998
[0.015026101, 0.028568972, 0.035390727, 0.028568972, 0.015026101;
 0.028568972, 0.054317895, 0.067288034, 0.054317895, 0.028568972;
 0.035390727, 0.067288034, 0.083355203, 0.067288034, 0.035390727;
 0.028568972, 0.054317895, 0.067288034, 0.054317895, 0.028568972;
 0.015026101, 0.028568972, 0.035390727, 0.028568972, 0.015026101]
quantidade KeyPoints: 17379
Salvando keypoints ROIs no arquivo...
Imagem HDR
S:0.999998
[0.015026101, 0.028568972, 0.035390727, 0.028568972, 0.015026101;
 0.028568972, 0.054317895, 0.067288034, 0.054317895, 0.028568972;
 0.035390727, 0.067288034, 0.083355203, 0.067288034, 0.035390727;
 0.028568972, 0.054317895, 0.067288034, 0.054317895, 0.028568972;
 0.015026101, 0.028568972, 0.035390727, 0.028568972, 0.015026101]
quantidade KeyPoints: 16479
Salvando keypoints ROIs no arquivo...
Imagem HDR
S:0.999998
[0.015026101, 0.028568972, 0.035390727, 0.028568972, 0.015026101;
 0.028568972, 0.054317895, 0.067288034, 0.054317895, 0.028568972;
 0.035390727, 0.067288034, 0.083355203, 0.067288034, 0.035390727;
 0.028568972, 0.054317895, 0.067288034, 0.054317895, 0.028568972;
 0.015026101, 0.028568972, 0.035390727, 0.028568972, 0.015026101]
quantidade KeyPoints: 19289
Salvando keypoints ROIs no arquivo...
[3J[H[2Jdistance/122
terminate called after throwing an instance of 'cv::Exception'
  what():  OpenCV(3.4.2) /home/welerson_a_melo/OpenCV/modules/imgproc/src/color.hpp:253: error: (-215:Assertion failed) VScn::contains(scn) && VDcn::contains(dcn) && VDepth::contains(depth) in function 'CvtHelper'

executar.detector_CV.distance: line 42:  1688 Aborted                 ./detector_CV ../dataset/2D/distance/122/122.gLogMap.jpg ../dataset/2D/distance/122/122
terminate called after throwing an instance of 'cv::Exception'
  what():  OpenCV(3.4.2) /home/welerson_a_melo/OpenCV/modules/imgproc/src/color.hpp:253: error: (-215:Assertion failed) VScn::contains(scn) && VDcn::contains(dcn) && VDepth::contains(depth) in function 'CvtHelper'

executar.detector_CV.distance: line 43:  1690 Aborted                 ./detector_CV ../dataset/2D/distance/122/122.gReinhard05.jpg ../dataset/2D/distance/122/122
Imagem HDR
S:0.999998
[0.015026101, 0.028568972, 0.035390727, 0.028568972, 0.015026101;
 0.028568972, 0.054317895, 0.067288034, 0.054317895, 0.028568972;
 0.035390727, 0.067288034, 0.083355203, 0.067288034, 0.035390727;
 0.028568972, 0.054317895, 0.067288034, 0.054317895, 0.028568972;
 0.015026101, 0.028568972, 0.035390727, 0.028568972, 0.015026101]
quantidade KeyPoints: 19005
Salvando keypoints ROIs no arquivo...
[3J[H[2Jlighting/100
Imagem HDR
S:0.999998
[0.015026101, 0.028568972, 0.035390727, 0.028568972, 0.015026101;
 0.028568972, 0.054317895, 0.067288034, 0.054317895, 0.028568972;
 0.035390727, 0.067288034, 0.083355203, 0.067288034, 0.035390727;
 0.028568972, 0.054317895, 0.067288034, 0.054317895, 0.028568972;
 0.015026101, 0.028568972, 0.035390727, 0.028568972, 0.015026101]
quantidade KeyPoints: 18588
Salvando keypoints ROIs no arquivo...
[3J[H[2Jviewpoint/03
Imagem HDR
S:0.999998
[0.015026101, 0.028568972, 0.035390727, 0.028568972, 0.015026101;
 0.028568972, 0.054317895, 0.067288034, 0.054317895, 0.028568972;
 0.035390727, 0.067288034, 0.083355203, 0.067288034, 0.035390727;
 0.028568972, 0.054317895, 0.067288034, 0.054317895, 0.028568972;
 0.015026101, 0.028568972, 0.035390727, 0.028568972, 0.015026101]
quantidade KeyPoints: 22547
Salvando keypoints ROIs no arquivo...
S:0.999998
[0.015026101, 0.028568972, 0.035390727, 0.028568972, 0.015026101;
 0.028568972, 0.054317895, 0.067288034, 0.054317895, 0.028568972;
 0.035390727, 0.067288034, 0.083355203, 0.067288034, 0.035390727;
 0.028568972, 0.054317895, 0.067288034, 0.054317895, 0.028568972;
 0.015026101, 0.028568972, 0.035390727, 0.028568972, 0.015026101]
quantidade KeyPoints: 23924
Salvando keypoints ROIs no arquivo...
S:0.999998
[0.015026101, 0.028568972, 0.035390727, 0.028568972, 0.015026101;
 0.028568972, 0.054317895, 0.067288034, 0.054317895, 0.028568972;
 0.035390727, 0.067288034, 0.083355203, 0.067288034, 0.035390727;
 0.028568972, 0.054317895, 0.067288034, 0.054317895, 0.028568972;
 0.015026101, 0.028568972, 0.035390727, 0.028568972, 0.015026101]
quantidade KeyPoints: 20699
Salvando keypoints ROIs no arquivo...
S:0.999998
[0.015026101, 0.028568972, 0.035390727, 0.028568972, 0.015026101;
 0.028568972, 0.054317895, 0.067288034, 0.054317895, 0.028568972;
 0.035390727, 0.067288034, 0.083355203, 0.067288034, 0.035390727;
 0.028568972, 0.054317895, 0.067288034, 0.054317895, 0.028568972;
 0.015026101, 0.028568972, 0.035390727, 0.028568972, 0.015026101]
quantidade KeyPoints: 20611
Salvando keypoints ROIs no arquivo...
S:0.999998
[0.015026101, 0.028568972, 0.035390727, 0.028568972, 0.015026101;
 0.028568972, 0.054317895, 0.067288034, 0.054317895, 0.028568972;
 0.035390727, 0.067288034, 0.083355203, 0.067288034, 0.035390727;
 0.028568972, 0.054317895, 0.067288034, 0.054317895, 0.028568972;
 0.015026101, 0.028568972, 0.035390727, 0.028568972, 0.015026101]
quantidade KeyPoints: 23209
Salvando keypoints ROIs no arquivo...
quantidade KeyPoints: 18325
Salvando keypoints ROIs no arquivo...
S:0.999998
[0.015026101, 0.028568972, 0.035390727, 0.028568972, 0.015026101;
 0.028568972, 0.054317895, 0.067288034, 0.054317895, 0.028568972;
 0.035390727, 0.067288034, 0.083355203, 0.067288034, 0.035390727;
 0.028568972, 0.054317895, 0.067288034, 0.054317895, 0.028568972;
 0.015026101, 0.028568972, 0.035390727, 0.028568972, 0.015026101]
S:0.999998
[0.015026101, 0.028568972, 0.035390727, 0.028568972, 0.015026101;
 0.028568972, 0.054317895, 0.067288034, 0.054317895, 0.028568972;
 0.035390727, 0.067288034, 0.083355203, 0.067288034, 0.035390727;
 0.028568972, 0.054317895, 0.067288034, 0.054317895, 0.028568972;
 0.015026101, 0.028568972, 0.035390727, 0.028568972, 0.015026101]
quantidade KeyPoints: 19778
Salvando keypoints ROIs no arquivo...
S:0.999998
[0.015026101, 0.028568972, 0.035390727, 0.028568972, 0.015026101;
 0.028568972, 0.054317895, 0.067288034, 0.054317895, 0.028568972;
 0.035390727, 0.067288034, 0.083355203, 0.067288034, 0.035390727;
 0.028568972, 0.054317895, 0.067288034, 0.054317895, 0.028568972;
 0.015026101, 0.028568972, 0.035390727, 0.028568972, 0.015026101]
quantidade KeyPoints: 16004
Salvando keypoints ROIs no arquivo...
S:0.999998
[0.015026101, 0.028568972, 0.035390727, 0.028568972, 0.015026101;
 0.028568972, 0.054317895, 0.067288034, 0.054317895, 0.028568972;
 0.035390727, 0.067288034, 0.083355203, 0.067288034, 0.035390727;
 0.028568972, 0.054317895, 0.067288034, 0.054317895, 0.028568972;
 0.015026101, 0.028568972, 0.035390727, 0.028568972, 0.015026101]
quantidade KeyPoints: 22185
Salvando keypoints ROIs no arquivo...
S:0.999998
[0.015026101, 0.028568972, 0.035390727, 0.028568972, 0.015026101;
 0.028568972, 0.054317895, 0.067288034, 0.054317895, 0.028568972;
 0.035390727, 0.067288034, 0.083355203, 0.067288034, 0.035390727;
 0.028568972, 0.054317895, 0.067288034, 0.054317895, 0.028568972;
 0.015026101, 0.028568972, 0.035390727, 0.028568972, 0.015026101]
quantidade KeyPoints: 25219
Salvando keypoints ROIs no arquivo...
S:0.999998
[0.015026101, 0.028568972, 0.035390727, 0.028568972, 0.015026101;
 0.028568972, 0.054317895, 0.067288034, 0.054317895, 0.028568972;
 0.035390727, 0.067288034, 0.083355203, 0.067288034, 0.035390727;
 0.028568972, 0.054317895, 0.067288034, 0.054317895, 0.028568972;
 0.015026101, 0.028568972, 0.035390727, 0.028568972, 0.015026101]
quantidade KeyPoints: 23424
Salvando keypoints ROIs no arquivo...
S:0.999998
[0.015026101, 0.028568972, 0.035390727, 0.028568972, 0.015026101;
 0.028568972, 0.054317895, 0.067288034, 0.054317895, 0.028568972;
 0.035390727, 0.067288034, 0.083355203, 0.067288034, 0.035390727;
 0.028568972, 0.054317895, 0.067288034, 0.054317895, 0.028568972;
 0.015026101, 0.028568972, 0.035390727, 0.028568972, 0.015026101]
quantidade KeyPoints: 24149
Salvando keypoints ROIs no arquivo...
S:0.999998
[0.015026101, 0.028568972, 0.035390727, 0.028568972, 0.015026101;
 0.028568972, 0.054317895, 0.067288034, 0.054317895, 0.028568972;
 0.035390727, 0.067288034, 0.083355203, 0.067288034, 0.035390727;
 0.028568972, 0.054317895, 0.067288034, 0.054317895, 0.028568972;
 0.015026101, 0.028568972, 0.035390727, 0.028568972, 0.015026101]
quantidade KeyPoints: 15419
Salvando keypoints ROIs no arquivo...
Imagem HDR
S:0.999998
[0.015026101, 0.028568972, 0.035390727, 0.028568972, 0.015026101;
 0.028568972, 0.054317895, 0.067288034, 0.054317895, 0.028568972;
 0.035390727, 0.067288034, 0.083355203, 0.067288034, 0.035390727;
 0.028568972, 0.054317895, 0.067288034, 0.054317895, 0.028568972;
 0.015026101, 0.028568972, 0.035390727, 0.028568972, 0.015026101]
quantidade KeyPoints: 16149
Salvando keypoints ROIs no arquivo...
Imagem HDR
S:0.999998
[0.015026101, 0.028568972, 0.035390727, 0.028568972, 0.015026101;
 0.028568972, 0.054317895, 0.067288034, 0.054317895, 0.028568972;
 0.035390727, 0.067288034, 0.083355203, 0.067288034, 0.035390727;
 0.028568972, 0.054317895, 0.067288034, 0.054317895, 0.028568972;
 0.015026101, 0.028568972, 0.035390727, 0.028568972, 0.015026101]
quantidade KeyPoints: 14535
Salvando keypoints ROIs no arquivo...
Imagem HDR
S:0.999998
[0.015026101, 0.028568972, 0.035390727, 0.028568972, 0.015026101;
 0.028568972, 0.054317895, 0.067288034, 0.054317895, 0.028568972;
 0.035390727, 0.067288034, 0.083355203, 0.067288034, 0.035390727;
 0.028568972, 0.054317895, 0.067288034, 0.054317895, 0.028568972;
 0.015026101, 0.028568972, 0.035390727, 0.028568972, 0.015026101]
quantidade KeyPoints: 19996
Salvando keypoints ROIs no arquivo...
[3J[H[2Jdistance/147
terminate called after throwing an instance of 'cv::Exception'
  what():  OpenCV(3.4.2) /home/welerson_a_melo/OpenCV/modules/imgproc/src/color.hpp:253: error: (-215:Assertion failed) VScn::contains(scn) && VDcn::contains(dcn) && VDepth::contains(depth) in function 'CvtHelper'

executar.detector_CV.distance: line 55:  1874 Aborted                 ./detector_CV ../dataset/2D/distance/147/147.gLogMap.jpg ../dataset/2D/distance/147/147
terminate called after throwing an instance of 'cv::Exception'
  what():  OpenCV(3.4.2) /home/welerson_a_melo/OpenCV/modules/imgproc/src/color.hpp:253: error: (-215:Assertion failed) VScn::contains(scn) && VDcn::contains(dcn) && VDepth::contains(depth) in function 'CvtHelper'

executar.detector_CV.distance: line 56:  1876 Aborted                 ./detector_CV ../dataset/2D/distance/147/147.gReinhard05.jpg ../dataset/2D/distance/147/147
Imagem HDR
S:0.999998
[0.015026101, 0.028568972, 0.035390727, 0.028568972, 0.015026101;
 0.028568972, 0.054317895, 0.067288034, 0.054317895, 0.028568972;
 0.035390727, 0.067288034, 0.083355203, 0.067288034, 0.035390727;
 0.028568972, 0.054317895, 0.067288034, 0.054317895, 0.028568972;
 0.015026101, 0.028568972, 0.035390727, 0.028568972, 0.015026101]
quantidade KeyPoints: 18505
Salvando keypoints ROIs no arquivo...
[3J[H[2Jviewpoint/04
Imagem HDR
S:0.999998
[0.015026101, 0.028568972, 0.035390727, 0.028568972, 0.015026101;
 0.028568972, 0.054317895, 0.067288034, 0.054317895, 0.028568972;
 0.035390727, 0.067288034, 0.083355203, 0.067288034, 0.035390727;
 0.028568972, 0.054317895, 0.067288034, 0.054317895, 0.028568972;
 0.015026101, 0.028568972, 0.035390727, 0.028568972, 0.015026101]
quantidade KeyPoints: 23668
Salvando keypoints ROIs no arquivo...
[3J[H[2Jlighting/101
Imagem HDR
S:0.999998
[0.015026101, 0.028568972, 0.035390727, 0.028568972, 0.015026101;
 0.028568972, 0.054317895, 0.067288034, 0.054317895, 0.028568972;
 0.035390727, 0.067288034, 0.083355203, 0.067288034, 0.035390727;
 0.028568972, 0.054317895, 0.067288034, 0.054317895, 0.028568972;
 0.015026101, 0.028568972, 0.035390727, 0.028568972, 0.015026101]
quantidade KeyPoints: 23361
Salvando keypoints ROIs no arquivo...
S:0.999998
[0.015026101, 0.028568972, 0.035390727, 0.028568972, 0.015026101;
 0.028568972, 0.054317895, 0.067288034, 0.054317895, 0.028568972;
 0.035390727, 0.067288034, 0.083355203, 0.067288034, 0.035390727;
 0.028568972, 0.054317895, 0.067288034, 0.054317895, 0.028568972;
 0.015026101, 0.028568972, 0.035390727, 0.028568972, 0.015026101]
quantidade KeyPoints: 20799
Salvando keypoints ROIs no arquivo...
S:0.999998
[0.015026101, 0.028568972, 0.035390727, 0.028568972, 0.015026101;
 0.028568972, 0.054317895, 0.067288034, 0.054317895, 0.028568972;
 0.035390727, 0.067288034, 0.083355203, 0.067288034, 0.035390727;
 0.028568972, 0.054317895, 0.067288034, 0.054317895, 0.028568972;
 0.015026101, 0.028568972, 0.035390727, 0.028568972, 0.015026101]
quantidade KeyPoints: 20751
Salvando keypoints ROIs no arquivo...
S:0.999998
[0.015026101, 0.028568972, 0.035390727, 0.028568972, 0.015026101;
 0.028568972, 0.054317895, 0.067288034, 0.054317895, 0.028568972;
 0.035390727, 0.067288034, 0.083355203, 0.067288034, 0.035390727;
 0.028568972, 0.054317895, 0.067288034, 0.054317895, 0.028568972;
 0.015026101, 0.028568972, 0.035390727, 0.028568972, 0.015026101]
quantidade KeyPoints: 17922
Salvando keypoints ROIs no arquivo...
S:0.999998
[0.015026101, 0.028568972, 0.035390727, 0.028568972, 0.015026101;
 0.028568972, 0.054317895, 0.067288034, 0.054317895, 0.028568972;
 0.035390727, 0.067288034, 0.083355203, 0.067288034, 0.035390727;
 0.028568972, 0.054317895, 0.067288034, 0.054317895, 0.028568972;
 0.015026101, 0.028568972, 0.035390727, 0.028568972, 0.015026101]
quantidade KeyPoints: 18544
Salvando keypoints ROIs no arquivo...
S:0.999998
[0.015026101, 0.028568972, 0.035390727, 0.028568972, 0.015026101;
 0.028568972, 0.054317895, 0.067288034, 0.054317895, 0.028568972;
 0.035390727, 0.067288034, 0.083355203, 0.067288034, 0.035390727;
 0.028568972, 0.054317895, 0.067288034, 0.054317895, 0.028568972;
 0.015026101, 0.028568972, 0.035390727, 0.028568972, 0.015026101]
quantidade KeyPoints: 19346
Salvando keypoints ROIs no arquivo...
S:0.999998
[0.015026101, 0.028568972, 0.035390727, 0.028568972, 0.015026101;
 0.028568972, 0.054317895, 0.067288034, 0.054317895, 0.028568972;
 0.035390727, 0.067288034, 0.083355203, 0.067288034, 0.035390727;
 0.028568972, 0.054317895, 0.067288034, 0.054317895, 0.028568972;
 0.015026101, 0.028568972, 0.035390727, 0.028568972, 0.015026101]
quantidade KeyPoints: 18788
Salvando keypoints ROIs no arquivo...
S:0.999998
[0.015026101, 0.028568972, 0.035390727, 0.028568972, 0.015026101;
 0.028568972, 0.054317895, 0.067288034, 0.054317895, 0.028568972;
 0.035390727, 0.067288034, 0.083355203, 0.067288034, 0.035390727;
 0.028568972, 0.054317895, 0.067288034, 0.054317895, 0.028568972;
 0.015026101, 0.028568972, 0.035390727, 0.028568972, 0.015026101]
quantidade KeyPoints: 16045
Salvando keypoints ROIs no arquivo...
S:0.999998
[0.015026101, 0.028568972, 0.035390727, 0.028568972, 0.015026101;
 0.028568972, 0.054317895, 0.067288034, 0.054317895, 0.028568972;
 0.035390727, 0.067288034, 0.083355203, 0.067288034, 0.035390727;
 0.028568972, 0.054317895, 0.067288034, 0.054317895, 0.028568972;
 0.015026101, 0.028568972, 0.035390727, 0.028568972, 0.015026101]
quantidade KeyPoints: 19695
Salvando keypoints ROIs no arquivo...
S:0.999998
[0.015026101, 0.028568972, 0.035390727, 0.028568972, 0.015026101;
 0.028568972, 0.054317895, 0.067288034, 0.054317895, 0.028568972;
 0.035390727, 0.067288034, 0.083355203, 0.067288034, 0.035390727;
 0.028568972, 0.054317895, 0.067288034, 0.054317895, 0.028568972;
 0.015026101, 0.028568972, 0.035390727, 0.028568972, 0.015026101]
quantidade KeyPoints: 15109
Salvando keypoints ROIs no arquivo...
S:0.999998
[0.015026101, 0.028568972, 0.035390727, 0.028568972, 0.015026101;
 0.028568972, 0.054317895, 0.067288034, 0.054317895, 0.028568972;
 0.035390727, 0.067288034, 0.083355203, 0.067288034, 0.035390727;
 0.028568972, 0.054317895, 0.067288034, 0.054317895, 0.028568972;
 0.015026101, 0.028568972, 0.035390727, 0.028568972, 0.015026101]
quantidade KeyPoints: 23345
Salvando keypoints ROIs no arquivo...
S:0.999998
[0.015026101, 0.028568972, 0.035390727, 0.028568972, 0.015026101;
 0.028568972, 0.054317895, 0.067288034, 0.054317895, 0.028568972;
 0.035390727, 0.067288034, 0.083355203, 0.067288034, 0.035390727;
 0.028568972, 0.054317895, 0.067288034, 0.054317895, 0.028568972;
 0.015026101, 0.028568972, 0.035390727, 0.028568972, 0.015026101]
quantidade KeyPoints: 18909
Salvando keypoints ROIs no arquivo...
S:0.999998
[0.015026101, 0.028568972, 0.035390727, 0.028568972, 0.015026101;
 0.028568972, 0.054317895, 0.067288034, 0.054317895, 0.028568972;
 0.035390727, 0.067288034, 0.083355203, 0.067288034, 0.035390727;
 0.028568972, 0.054317895, 0.067288034, 0.054317895, 0.028568972;
 0.015026101, 0.028568972, 0.035390727, 0.028568972, 0.015026101]
quantidade KeyPoints: 17038
Salvando keypoints ROIs no arquivo...
Imagem HDR
S:0.999998
[0.015026101, 0.028568972, 0.035390727, 0.028568972, 0.015026101;
 0.028568972, 0.054317895, 0.067288034, 0.054317895, 0.028568972;
 0.035390727, 0.067288034, 0.083355203, 0.067288034, 0.035390727;
 0.028568972, 0.054317895, 0.067288034, 0.054317895, 0.028568972;
 0.015026101, 0.028568972, 0.035390727, 0.028568972, 0.015026101]
quantidade KeyPoints: 16731
Salvando keypoints ROIs no arquivo...
Imagem HDR
S:0.999998
[0.015026101, 0.028568972, 0.035390727, 0.028568972, 0.015026101;
 0.028568972, 0.054317895, 0.067288034, 0.054317895, 0.028568972;
 0.035390727, 0.067288034, 0.083355203, 0.067288034, 0.035390727;
 0.028568972, 0.054317895, 0.067288034, 0.054317895, 0.028568972;
 0.015026101, 0.028568972, 0.035390727, 0.028568972, 0.015026101]
quantidade KeyPoints: 17119
Salvando keypoints ROIs no arquivo...
quantidade KeyPoints: 21197
Salvando keypoints ROIs no arquivo...
[3J[H[2Jdistance/197
terminate called after throwing an instance of 'cv::Exception'
  what():  OpenCV(3.4.2) /home/welerson_a_melo/OpenCV/modules/imgproc/src/color.hpp:253: error: (-215:Assertion failed) VScn::contains(scn) && VDcn::contains(dcn) && VDepth::contains(depth) in function 'CvtHelper'

executar.detector_CV.distance: line 68:  2051 Aborted                 ./detector_CV ../dataset/2D/distance/197/197.gLogMap.jpg ../dataset/2D/distance/197/197
terminate called after throwing an instance of 'cv::Exception'
  what():  OpenCV(3.4.2) /home/welerson_a_melo/OpenCV/modules/imgproc/src/color.hpp:253: error: (-215:Assertion failed) VScn::contains(scn) && VDcn::contains(dcn) && VDepth::contains(depth) in function 'CvtHelper'

executar.detector_CV.distance: line 69:  2060 Aborted                 ./detector_CV ../dataset/2D/distance/197/197.gReinhard05.jpg ../dataset/2D/distance/197/197
Imagem HDR
S:0.999998
[0.015026101, 0.028568972, 0.035390727, 0.028568972, 0.015026101;
 0.028568972, 0.054317895, 0.067288034, 0.054317895, 0.028568972;
 0.035390727, 0.067288034, 0.083355203, 0.067288034, 0.035390727;
 0.028568972, 0.054317895, 0.067288034, 0.054317895, 0.028568972;
 0.015026101, 0.028568972, 0.035390727, 0.028568972, 0.015026101]
Imagem HDR
S:0.999998
[0.015026101, 0.028568972, 0.035390727, 0.028568972, 0.015026101;
 0.028568972, 0.054317895, 0.067288034, 0.054317895, 0.028568972;
 0.035390727, 0.067288034, 0.083355203, 0.067288034, 0.035390727;
 0.028568972, 0.054317895, 0.067288034, 0.054317895, 0.028568972;
 0.015026101, 0.028568972, 0.035390727, 0.028568972, 0.015026101]
quantidade KeyPoints: 18651
Salvando keypoints ROIs no arquivo...
[3J[H[2Jviewpoint/05
Imagem HDR
S:0.999998
[0.015026101, 0.028568972, 0.035390727, 0.028568972, 0.015026101;
 0.028568972, 0.054317895, 0.067288034, 0.054317895, 0.028568972;
 0.035390727, 0.067288034, 0.083355203, 0.067288034, 0.035390727;
 0.028568972, 0.054317895, 0.067288034, 0.054317895, 0.028568972;
 0.015026101, 0.028568972, 0.035390727, 0.028568972, 0.015026101]
quantidade KeyPoints: 18477
Salvando keypoints ROIs no arquivo...
[3J[H[2Jlighting/110
Imagem HDR
S:0.999998
[0.015026101, 0.028568972, 0.035390727, 0.028568972, 0.015026101;
 0.028568972, 0.054317895, 0.067288034, 0.054317895, 0.028568972;
 0.035390727, 0.067288034, 0.083355203, 0.067288034, 0.035390727;
 0.028568972, 0.054317895, 0.067288034, 0.054317895, 0.028568972;
 0.015026101, 0.028568972, 0.035390727, 0.028568972, 0.015026101]
quantidade KeyPoints: 24478
Salvando keypoints ROIs no arquivo...
S:0.999998
[0.015026101, 0.028568972, 0.035390727, 0.028568972, 0.015026101;
 0.028568972, 0.054317895, 0.067288034, 0.054317895, 0.028568972;
 0.035390727, 0.067288034, 0.083355203, 0.067288034, 0.035390727;
 0.028568972, 0.054317895, 0.067288034, 0.054317895, 0.028568972;
 0.015026101, 0.028568972, 0.035390727, 0.028568972, 0.015026101]
quantidade KeyPoints: 20739
Salvando keypoints ROIs no arquivo...
S:0.999998
[0.015026101, 0.028568972, 0.035390727, 0.028568972, 0.015026101;
 0.028568972, 0.054317895, 0.067288034, 0.054317895, 0.028568972;
 0.035390727, 0.067288034, 0.083355203, 0.067288034, 0.035390727;
 0.028568972, 0.054317895, 0.067288034, 0.054317895, 0.028568972;
 0.015026101, 0.028568972, 0.035390727, 0.028568972, 0.015026101]
quantidade KeyPoints: 21001
Salvando keypoints ROIs no arquivo...
S:0.999998
[0.015026101, 0.028568972, 0.035390727, 0.028568972, 0.015026101;
 0.028568972, 0.054317895, 0.067288034, 0.054317895, 0.028568972;
 0.035390727, 0.067288034, 0.083355203, 0.067288034, 0.035390727;
 0.028568972, 0.054317895, 0.067288034, 0.054317895, 0.028568972;
 0.015026101, 0.028568972, 0.035390727, 0.028568972, 0.015026101]
quantidade KeyPoints: 12839
Salvando keypoints ROIs no arquivo...
S:0.999998
[0.015026101, 0.028568972, 0.035390727, 0.028568972, 0.015026101;
 0.028568972, 0.054317895, 0.067288034, 0.054317895, 0.028568972;
 0.035390727, 0.067288034, 0.083355203, 0.067288034, 0.035390727;
 0.028568972, 0.054317895, 0.067288034, 0.054317895, 0.028568972;
 0.015026101, 0.028568972, 0.035390727, 0.028568972, 0.015026101]
quantidade KeyPoints: 18428
Salvando keypoints ROIs no arquivo...
S:0.999998
[0.015026101, 0.028568972, 0.035390727, 0.028568972, 0.015026101;
 0.028568972, 0.054317895, 0.067288034, 0.054317895, 0.028568972;
 0.035390727, 0.067288034, 0.083355203, 0.067288034, 0.035390727;
 0.028568972, 0.054317895, 0.067288034, 0.054317895, 0.028568972;
 0.015026101, 0.028568972, 0.035390727, 0.028568972, 0.015026101]
quantidade KeyPoints: 18064
Salvando keypoints ROIs no arquivo...
S:0.999998
[0.015026101, 0.028568972, 0.035390727, 0.028568972, 0.015026101;
 0.028568972, 0.054317895, 0.067288034, 0.054317895, 0.028568972;
 0.035390727, 0.067288034, 0.083355203, 0.067288034, 0.035390727;
 0.028568972, 0.054317895, 0.067288034, 0.054317895, 0.028568972;
 0.015026101, 0.028568972, 0.035390727, 0.028568972, 0.015026101]
quantidade KeyPoints: 13641
Salvando keypoints ROIs no arquivo...
S:0.999998
[0.015026101, 0.028568972, 0.035390727, 0.028568972, 0.015026101;
 0.028568972, 0.054317895, 0.067288034, 0.054317895, 0.028568972;
 0.035390727, 0.067288034, 0.083355203, 0.067288034, 0.035390727;
 0.028568972, 0.054317895, 0.067288034, 0.054317895, 0.028568972;
 0.015026101, 0.028568972, 0.035390727, 0.028568972, 0.015026101]
quantidade KeyPoints: 16165
Salvando keypoints ROIs no arquivo...
S:0.999998
[0.015026101, 0.028568972, 0.035390727, 0.028568972, 0.015026101;
 0.028568972, 0.054317895, 0.067288034, 0.054317895, 0.028568972;
 0.035390727, 0.067288034, 0.083355203, 0.067288034, 0.035390727;
 0.028568972, 0.054317895, 0.067288034, 0.054317895, 0.028568972;
 0.015026101, 0.028568972, 0.035390727, 0.028568972, 0.015026101]
quantidade KeyPoints: 19371
Salvando keypoints ROIs no arquivo...
S:0.999998
[0.015026101, 0.028568972, 0.035390727, 0.028568972, 0.015026101;
 0.028568972, 0.054317895, 0.067288034, 0.054317895, 0.028568972;
 0.035390727, 0.067288034, 0.083355203, 0.067288034, 0.035390727;
 0.028568972, 0.054317895, 0.067288034, 0.054317895, 0.028568972;
 0.015026101, 0.028568972, 0.035390727, 0.028568972, 0.015026101]
quantidade KeyPoints: 11823
Salvando keypoints ROIs no arquivo...
S:0.999998
[0.015026101, 0.028568972, 0.035390727, 0.028568972, 0.015026101;
 0.028568972, 0.054317895, 0.067288034, 0.054317895, 0.028568972;
 0.035390727, 0.067288034, 0.083355203, 0.067288034, 0.035390727;
 0.028568972, 0.054317895, 0.067288034, 0.054317895, 0.028568972;
 0.015026101, 0.028568972, 0.035390727, 0.028568972, 0.015026101]
quantidade KeyPoints: 23292
Salvando keypoints ROIs no arquivo...
S:0.999998
[0.015026101, 0.028568972, 0.035390727, 0.028568972, 0.015026101;
 0.028568972, 0.054317895, 0.067288034, 0.054317895, 0.028568972;
 0.035390727, 0.067288034, 0.083355203, 0.067288034, 0.035390727;
 0.028568972, 0.054317895, 0.067288034, 0.054317895, 0.028568972;
 0.015026101, 0.028568972, 0.035390727, 0.028568972, 0.015026101]
quantidade KeyPoints: 24420
Salvando keypoints ROIs no arquivo...
S:0.999998
[0.015026101, 0.028568972, 0.035390727, 0.028568972, 0.015026101;
 0.028568972, 0.054317895, 0.067288034, 0.054317895, 0.028568972;
 0.035390727, 0.067288034, 0.083355203, 0.067288034, 0.035390727;
 0.028568972, 0.054317895, 0.067288034, 0.054317895, 0.028568972;
 0.015026101, 0.028568972, 0.035390727, 0.028568972, 0.015026101]
quantidade KeyPoints: 16314
Salvando keypoints ROIs no arquivo...
terminate called after throwing an instance of 'cv::Exception'
  what():  OpenCV(3.4.2) /home/welerson_a_melo/OpenCV/modules/imgproc/src/color.hpp:253: error: (-215:Assertion failed) VScn::contains(scn) && VDcn::contains(dcn) && VDepth::contains(depth) in function 'CvtHelper'

executar.detector_CV.distance: line 75:  2211 Aborted                 ./detector_CV ../dataset/2D/distance/197/197.lMantiuk06map.jpg ../dataset/2D/distance/197/197
Imagem HDR
S:0.999998
[0.015026101, 0.028568972, 0.035390727, 0.028568972, 0.015026101;
 0.028568972, 0.054317895, 0.067288034, 0.054317895, 0.028568972;
 0.035390727, 0.067288034, 0.083355203, 0.067288034, 0.035390727;
 0.028568972, 0.054317895, 0.067288034, 0.054317895, 0.028568972;
 0.015026101, 0.028568972, 0.035390727, 0.028568972, 0.015026101]
quantidade KeyPoints: 16750
Salvando keypoints ROIs no arquivo...
Imagem HDR
S:0.999998
[0.015026101, 0.028568972, 0.035390727, 0.028568972, 0.015026101;
 0.028568972, 0.054317895, 0.067288034, 0.054317895, 0.028568972;
 0.035390727, 0.067288034, 0.083355203, 0.067288034, 0.035390727;
 0.028568972, 0.054317895, 0.067288034, 0.054317895, 0.028568972;
 0.015026101, 0.028568972, 0.035390727, 0.028568972, 0.015026101]
quantidade KeyPoints: 16539
Salvando keypoints ROIs no arquivo...
Imagem HDR
S:0.999998
[0.015026101, 0.028568972, 0.035390727, 0.028568972, 0.015026101;
 0.028568972, 0.054317895, 0.067288034, 0.054317895, 0.028568972;
 0.035390727, 0.067288034, 0.083355203, 0.067288034, 0.035390727;
 0.028568972, 0.054317895, 0.067288034, 0.054317895, 0.028568972;
 0.015026101, 0.028568972, 0.035390727, 0.028568972, 0.015026101]
quantidade KeyPoints: 18445
Salvando keypoints ROIs no arquivo...
[3J[H[2Jviewpoint/06
quantidade KeyPoints: 22907
Salvando keypoints ROIs no arquivo...
[3J[H[2Jdistance/297
terminate called after throwing an instance of 'cv::Exception'
  what():  OpenCV(3.4.2) /home/welerson_a_melo/OpenCV/modules/imgproc/src/color.hpp:253: error: (-215:Assertion failed) VScn::contains(scn) && VDcn::contains(dcn) && VDepth::contains(depth) in function 'CvtHelper'

executar.detector_CV.distance: line 82:  2249 Aborted                 ./detector_CV ../dataset/2D/distance/297/297.gLogMap.jpg ../dataset/2D/distance/297/297
terminate called after throwing an instance of 'cv::Exception'
  what():  OpenCV(3.4.2) /home/welerson_a_melo/OpenCV/modules/imgproc/src/color.hpp:253: error: (-215:Assertion failed) VScn::contains(scn) && VDcn::contains(dcn) && VDepth::contains(depth) in function 'CvtHelper'

executar.detector_CV.distance: line 83:  2251 Aborted                 ./detector_CV ../dataset/2D/distance/297/297.gReinhard05.jpg ../dataset/2D/distance/297/297
Imagem HDR
S:0.999998
[0.015026101, 0.028568972, 0.035390727, 0.028568972, 0.015026101;
 0.028568972, 0.054317895, 0.067288034, 0.054317895, 0.028568972;
 0.035390727, 0.067288034, 0.083355203, 0.067288034, 0.035390727;
 0.028568972, 0.054317895, 0.067288034, 0.054317895, 0.028568972;
 0.015026101, 0.028568972, 0.035390727, 0.028568972, 0.015026101]
Imagem HDR
S:0.999998
[0.015026101, 0.028568972, 0.035390727, 0.028568972, 0.015026101;
 0.028568972, 0.054317895, 0.067288034, 0.054317895, 0.028568972;
 0.035390727, 0.067288034, 0.083355203, 0.067288034, 0.035390727;
 0.028568972, 0.054317895, 0.067288034, 0.054317895, 0.028568972;
 0.015026101, 0.028568972, 0.035390727, 0.028568972, 0.015026101]
quantidade KeyPoints: 18469
Salvando keypoints ROIs no arquivo...
[3J[H[2Jlighting/111
Imagem HDR
S:0.999998
[0.015026101, 0.028568972, 0.035390727, 0.028568972, 0.015026101;
 0.028568972, 0.054317895, 0.067288034, 0.054317895, 0.028568972;
 0.035390727, 0.067288034, 0.083355203, 0.067288034, 0.035390727;
 0.028568972, 0.054317895, 0.067288034, 0.054317895, 0.028568972;
 0.015026101, 0.028568972, 0.035390727, 0.028568972, 0.015026101]
quantidade KeyPoints: 20429
Salvando keypoints ROIs no arquivo...
S:0.999998
[0.015026101, 0.028568972, 0.035390727, 0.028568972, 0.015026101;
 0.028568972, 0.054317895, 0.067288034, 0.054317895, 0.028568972;
 0.035390727, 0.067288034, 0.083355203, 0.067288034, 0.035390727;
 0.028568972, 0.054317895, 0.067288034, 0.054317895, 0.028568972;
 0.015026101, 0.028568972, 0.035390727, 0.028568972, 0.015026101]
quantidade KeyPoints: 24169
Salvando keypoints ROIs no arquivo...
S:0.999998
[0.015026101, 0.028568972, 0.035390727, 0.028568972, 0.015026101;
 0.028568972, 0.054317895, 0.067288034, 0.054317895, 0.028568972;
 0.035390727, 0.067288034, 0.083355203, 0.067288034, 0.035390727;
 0.028568972, 0.054317895, 0.067288034, 0.054317895, 0.028568972;
 0.015026101, 0.028568972, 0.035390727, 0.028568972, 0.015026101]
quantidade KeyPoints: 23294
Salvando keypoints ROIs no arquivo...
S:0.999998
[0.015026101, 0.028568972, 0.035390727, 0.028568972, 0.015026101;
 0.028568972, 0.054317895, 0.067288034, 0.054317895, 0.028568972;
 0.035390727, 0.067288034, 0.083355203, 0.067288034, 0.035390727;
 0.028568972, 0.054317895, 0.067288034, 0.054317895, 0.028568972;
 0.015026101, 0.028568972, 0.035390727, 0.028568972, 0.015026101]
quantidade KeyPoints: 18391
Salvando keypoints ROIs no arquivo...
S:0.999998
[0.015026101, 0.028568972, 0.035390727, 0.028568972, 0.015026101;
 0.028568972, 0.054317895, 0.067288034, 0.054317895, 0.028568972;
 0.035390727, 0.067288034, 0.083355203, 0.067288034, 0.035390727;
 0.028568972, 0.054317895, 0.067288034, 0.054317895, 0.028568972;
 0.015026101, 0.028568972, 0.035390727, 0.028568972, 0.015026101]
quantidade KeyPoints: 11387
Salvando keypoints ROIs no arquivo...
S:0.999998
[0.015026101, 0.028568972, 0.035390727, 0.028568972, 0.015026101;
 0.028568972, 0.054317895, 0.067288034, 0.054317895, 0.028568972;
 0.035390727, 0.067288034, 0.083355203, 0.067288034, 0.035390727;
 0.028568972, 0.054317895, 0.067288034, 0.054317895, 0.028568972;
 0.015026101, 0.028568972, 0.035390727, 0.028568972, 0.015026101]
quantidade KeyPoints: 20198
Salvando keypoints ROIs no arquivo...
S:0.999998
[0.015026101, 0.028568972, 0.035390727, 0.028568972, 0.015026101;
 0.028568972, 0.054317895, 0.067288034, 0.054317895, 0.028568972;
 0.035390727, 0.067288034, 0.083355203, 0.067288034, 0.035390727;
 0.028568972, 0.054317895, 0.067288034, 0.054317895, 0.028568972;
 0.015026101, 0.028568972, 0.035390727, 0.028568972, 0.015026101]
quantidade KeyPoints: 16433
Salvando keypoints ROIs no arquivo...
S:0.999998
[0.015026101, 0.028568972, 0.035390727, 0.028568972, 0.015026101;
 0.028568972, 0.054317895, 0.067288034, 0.054317895, 0.028568972;
 0.035390727, 0.067288034, 0.083355203, 0.067288034, 0.035390727;
 0.028568972, 0.054317895, 0.067288034, 0.054317895, 0.028568972;
 0.015026101, 0.028568972, 0.035390727, 0.028568972, 0.015026101]
quantidade KeyPoints: 13040
Salvando keypoints ROIs no arquivo...
S:0.999998
[0.015026101, 0.028568972, 0.035390727, 0.028568972, 0.015026101;
 0.028568972, 0.054317895, 0.067288034, 0.054317895, 0.028568972;
 0.035390727, 0.067288034, 0.083355203, 0.067288034, 0.035390727;
 0.028568972, 0.054317895, 0.067288034, 0.054317895, 0.028568972;
 0.015026101, 0.028568972, 0.035390727, 0.028568972, 0.015026101]
quantidade KeyPoints: 18537
Salvando keypoints ROIs no arquivo...
S:0.999998
[0.015026101, 0.028568972, 0.035390727, 0.028568972, 0.015026101;
 0.028568972, 0.054317895, 0.067288034, 0.054317895, 0.028568972;
 0.035390727, 0.067288034, 0.083355203, 0.067288034, 0.035390727;
 0.028568972, 0.054317895, 0.067288034, 0.054317895, 0.028568972;
 0.015026101, 0.028568972, 0.035390727, 0.028568972, 0.015026101]
quantidade KeyPoints: 24212
Salvando keypoints ROIs no arquivo...
S:0.999998
[0.015026101, 0.028568972, 0.035390727, 0.028568972, 0.015026101;
 0.028568972, 0.054317895, 0.067288034, 0.054317895, 0.028568972;
 0.035390727, 0.067288034, 0.083355203, 0.067288034, 0.035390727;
 0.028568972, 0.054317895, 0.067288034, 0.054317895, 0.028568972;
 0.015026101, 0.028568972, 0.035390727, 0.028568972, 0.015026101]
quantidade KeyPoints: 24865
Salvando keypoints ROIs no arquivo...
S:0.999998
[0.015026101, 0.028568972, 0.035390727, 0.028568972, 0.015026101;
 0.028568972, 0.054317895, 0.067288034, 0.054317895, 0.028568972;
 0.035390727, 0.067288034, 0.083355203, 0.067288034, 0.035390727;
 0.028568972, 0.054317895, 0.067288034, 0.054317895, 0.028568972;
 0.015026101, 0.028568972, 0.035390727, 0.028568972, 0.015026101]
quantidade KeyPoints: 17552
Salvando keypoints ROIs no arquivo...
S:0.999998
[0.015026101, 0.028568972, 0.035390727, 0.028568972, 0.015026101;
 0.028568972, 0.054317895, 0.067288034, 0.054317895, 0.028568972;
 0.035390727, 0.067288034, 0.083355203, 0.067288034, 0.035390727;
 0.028568972, 0.054317895, 0.067288034, 0.054317895, 0.028568972;
 0.015026101, 0.028568972, 0.035390727, 0.028568972, 0.015026101]
quantidade KeyPoints: 15972
Salvando keypoints ROIs no arquivo...
Imagem HDR
S:0.999998
[0.015026101, 0.028568972, 0.035390727, 0.028568972, 0.015026101;
 0.028568972, 0.054317895, 0.067288034, 0.054317895, 0.028568972;
 0.035390727, 0.067288034, 0.083355203, 0.067288034, 0.035390727;
 0.028568972, 0.054317895, 0.067288034, 0.054317895, 0.028568972;
 0.015026101, 0.028568972, 0.035390727, 0.028568972, 0.015026101]
quantidade KeyPoints: 14885
Salvando keypoints ROIs no arquivo...
terminate called after throwing an instance of 'cv::Exception'
  what():  OpenCV(3.4.2) /home/welerson_a_melo/OpenCV/modules/imgproc/src/color.hpp:253: error: (-215:Assertion failed) VScn::contains(scn) && VDcn::contains(dcn) && VDepth::contains(depth) in function 'CvtHelper'

executar.detector_CV.distance: line 89:  2408 Aborted                 ./detector_CV ../dataset/2D/distance/297/297.lMantiuk06map.jpg ../dataset/2D/distance/297/297
Imagem HDR
S:0.999998
[0.015026101, 0.028568972, 0.035390727, 0.028568972, 0.015026101;
 0.028568972, 0.054317895, 0.067288034, 0.054317895, 0.028568972;
 0.035390727, 0.067288034, 0.083355203, 0.067288034, 0.035390727;
 0.028568972, 0.054317895, 0.067288034, 0.054317895, 0.028568972;
 0.015026101, 0.028568972, 0.035390727, 0.028568972, 0.015026101]
quantidade KeyPoints: 18208
Salvando keypoints ROIs no arquivo...
[3J[H[2Jviewpoint/07
Imagem HDR
S:0.999998
[0.015026101, 0.028568972, 0.035390727, 0.028568972, 0.015026101;
 0.028568972, 0.054317895, 0.067288034, 0.054317895, 0.028568972;
 0.035390727, 0.067288034, 0.083355203, 0.067288034, 0.035390727;
 0.028568972, 0.054317895, 0.067288034, 0.054317895, 0.028568972;
 0.015026101, 0.028568972, 0.035390727, 0.028568972, 0.015026101]
quantidade KeyPoints: 16029
Salvando keypoints ROIs no arquivo...
Imagem HDR
S:0.999998
[0.015026101, 0.028568972, 0.035390727, 0.028568972, 0.015026101;
 0.028568972, 0.054317895, 0.067288034, 0.054317895, 0.028568972;
 0.035390727, 0.067288034, 0.083355203, 0.067288034, 0.035390727;
 0.028568972, 0.054317895, 0.067288034, 0.054317895, 0.028568972;
 0.015026101, 0.028568972, 0.035390727, 0.028568972, 0.015026101]
quantidade KeyPoints: 26370
Salvando keypoints ROIs no arquivo...
quantidade KeyPoints: 20707
Salvando keypoints ROIs no arquivo...
S:0.999998
[0.015026101, 0.028568972, 0.035390727, 0.028568972, 0.015026101;
 0.028568972, 0.054317895, 0.067288034, 0.054317895, 0.028568972;
 0.035390727, 0.067288034, 0.083355203, 0.067288034, 0.035390727;
 0.028568972, 0.054317895, 0.067288034, 0.054317895, 0.028568972;
 0.015026101, 0.028568972, 0.035390727, 0.028568972, 0.015026101]
quantidade KeyPoints: 23515
Salvando keypoints ROIs no arquivo...
quantidade KeyPoints: 18349
Salvando keypoints ROIs no arquivo...
S:0.999998
[0.015026101, 0.028568972, 0.035390727, 0.028568972, 0.015026101;
 0.028568972, 0.054317895, 0.067288034, 0.054317895, 0.028568972;
 0.035390727, 0.067288034, 0.083355203, 0.067288034, 0.035390727;
 0.028568972, 0.054317895, 0.067288034, 0.054317895, 0.028568972;
 0.015026101, 0.028568972, 0.035390727, 0.028568972, 0.015026101]
quantidade KeyPoints: 16614
Salvando keypoints ROIs no arquivo...
S:0.999998
[0.015026101, 0.028568972, 0.035390727, 0.028568972, 0.015026101;
 0.028568972, 0.054317895, 0.067288034, 0.054317895, 0.028568972;
 0.035390727, 0.067288034, 0.083355203, 0.067288034, 0.035390727;
 0.028568972, 0.054317895, 0.067288034, 0.054317895, 0.028568972;
 0.015026101, 0.028568972, 0.035390727, 0.028568972, 0.015026101]
quantidade KeyPoints: 18695
Salvando keypoints ROIs no arquivo...
S:0.999998
[0.015026101, 0.028568972, 0.035390727, 0.028568972, 0.015026101;
 0.028568972, 0.054317895, 0.067288034, 0.054317895, 0.028568972;
 0.035390727, 0.067288034, 0.083355203, 0.067288034, 0.035390727;
 0.028568972, 0.054317895, 0.067288034, 0.054317895, 0.028568972;
 0.015026101, 0.028568972, 0.035390727, 0.028568972, 0.015026101]
quantidade KeyPoints: 16612
Salvando keypoints ROIs no arquivo...
Imagem HDR
S:0.999998
[0.015026101, 0.028568972, 0.035390727, 0.028568972, 0.015026101;
 0.028568972, 0.054317895, 0.067288034, 0.054317895, 0.028568972;
 0.035390727, 0.067288034, 0.083355203, 0.067288034, 0.035390727;
 0.028568972, 0.054317895, 0.067288034, 0.054317895, 0.028568972;
 0.015026101, 0.028568972, 0.035390727, 0.028568972, 0.015026101]
quantidade KeyPoints: 18276
Salvando keypoints ROIs no arquivo...
[3J[H[2Jviewpoint/08
Imagem HDR
S:0.999998
[0.015026101, 0.028568972, 0.035390727, 0.028568972, 0.015026101;
 0.028568972, 0.054317895, 0.067288034, 0.054317895, 0.028568972;
 0.035390727, 0.067288034, 0.083355203, 0.067288034, 0.035390727;
 0.028568972, 0.054317895, 0.067288034, 0.054317895, 0.028568972;
 0.015026101, 0.028568972, 0.035390727, 0.028568972, 0.015026101]
quantidade KeyPoints: 21221
Salvando keypoints ROIs no arquivo...
S:0.999998
[0.015026101, 0.028568972, 0.035390727, 0.028568972, 0.015026101;
 0.028568972, 0.054317895, 0.067288034, 0.054317895, 0.028568972;
 0.035390727, 0.067288034, 0.083355203, 0.067288034, 0.035390727;
 0.028568972, 0.054317895, 0.067288034, 0.054317895, 0.028568972;
 0.015026101, 0.028568972, 0.035390727, 0.028568972, 0.015026101]
quantidade KeyPoints: 18672
Salvando keypoints ROIs no arquivo...
S:0.999998
[0.015026101, 0.028568972, 0.035390727, 0.028568972, 0.015026101;
 0.028568972, 0.054317895, 0.067288034, 0.054317895, 0.028568972;
 0.035390727, 0.067288034, 0.083355203, 0.067288034, 0.035390727;
 0.028568972, 0.054317895, 0.067288034, 0.054317895, 0.028568972;
 0.015026101, 0.028568972, 0.035390727, 0.028568972, 0.015026101]
quantidade KeyPoints: 16169
Salvando keypoints ROIs no arquivo...
S:0.999998
[0.015026101, 0.028568972, 0.035390727, 0.028568972, 0.015026101;
 0.028568972, 0.054317895, 0.067288034, 0.054317895, 0.028568972;
 0.035390727, 0.067288034, 0.083355203, 0.067288034, 0.035390727;
 0.028568972, 0.054317895, 0.067288034, 0.054317895, 0.028568972;
 0.015026101, 0.028568972, 0.035390727, 0.028568972, 0.015026101]
quantidade KeyPoints: 18965
Salvando keypoints ROIs no arquivo...
S:0.999998
[0.015026101, 0.028568972, 0.035390727, 0.028568972, 0.015026101;
 0.028568972, 0.054317895, 0.067288034, 0.054317895, 0.028568972;
 0.035390727, 0.067288034, 0.083355203, 0.067288034, 0.035390727;
 0.028568972, 0.054317895, 0.067288034, 0.054317895, 0.028568972;
 0.015026101, 0.028568972, 0.035390727, 0.028568972, 0.015026101]
quantidade KeyPoints: 16935
Salvando keypoints ROIs no arquivo...
Imagem HDR
S:0.999998
[0.015026101, 0.028568972, 0.035390727, 0.028568972, 0.015026101;
 0.028568972, 0.054317895, 0.067288034, 0.054317895, 0.028568972;
 0.035390727, 0.067288034, 0.083355203, 0.067288034, 0.035390727;
 0.028568972, 0.054317895, 0.067288034, 0.054317895, 0.028568972;
 0.015026101, 0.028568972, 0.035390727, 0.028568972, 0.015026101]
quantidade KeyPoints: 18648
Salvando keypoints ROIs no arquivo...
[3J[H[2Jviewpoint/09
Imagem HDR
S:0.999998
[0.015026101, 0.028568972, 0.035390727, 0.028568972, 0.015026101;
 0.028568972, 0.054317895, 0.067288034, 0.054317895, 0.028568972;
 0.035390727, 0.067288034, 0.083355203, 0.067288034, 0.035390727;
 0.028568972, 0.054317895, 0.067288034, 0.054317895, 0.028568972;
 0.015026101, 0.028568972, 0.035390727, 0.028568972, 0.015026101]
quantidade KeyPoints: 20776
Salvando keypoints ROIs no arquivo...
S:0.999998
[0.015026101, 0.028568972, 0.035390727, 0.028568972, 0.015026101;
 0.028568972, 0.054317895, 0.067288034, 0.054317895, 0.028568972;
 0.035390727, 0.067288034, 0.083355203, 0.067288034, 0.035390727;
 0.028568972, 0.054317895, 0.067288034, 0.054317895, 0.028568972;
 0.015026101, 0.028568972, 0.035390727, 0.028568972, 0.015026101]
quantidade KeyPoints: 18372
Salvando keypoints ROIs no arquivo...
S:0.999998
[0.015026101, 0.028568972, 0.035390727, 0.028568972, 0.015026101;
 0.028568972, 0.054317895, 0.067288034, 0.054317895, 0.028568972;
 0.035390727, 0.067288034, 0.083355203, 0.067288034, 0.035390727;
 0.028568972, 0.054317895, 0.067288034, 0.054317895, 0.028568972;
 0.015026101, 0.028568972, 0.035390727, 0.028568972, 0.015026101]
quantidade KeyPoints: 16336
Salvando keypoints ROIs no arquivo...
S:0.999998
[0.015026101, 0.028568972, 0.035390727, 0.028568972, 0.015026101;
 0.028568972, 0.054317895, 0.067288034, 0.054317895, 0.028568972;
 0.035390727, 0.067288034, 0.083355203, 0.067288034, 0.035390727;
 0.028568972, 0.054317895, 0.067288034, 0.054317895, 0.028568972;
 0.015026101, 0.028568972, 0.035390727, 0.028568972, 0.015026101]
quantidade KeyPoints: 20594
Salvando keypoints ROIs no arquivo...
S:0.999998
[0.015026101, 0.028568972, 0.035390727, 0.028568972, 0.015026101;
 0.028568972, 0.054317895, 0.067288034, 0.054317895, 0.028568972;
 0.035390727, 0.067288034, 0.083355203, 0.067288034, 0.035390727;
 0.028568972, 0.054317895, 0.067288034, 0.054317895, 0.028568972;
 0.015026101, 0.028568972, 0.035390727, 0.028568972, 0.015026101]
quantidade KeyPoints: 17198
Salvando keypoints ROIs no arquivo...
Imagem HDR
S:0.999998
[0.015026101, 0.028568972, 0.035390727, 0.028568972, 0.015026101;
 0.028568972, 0.054317895, 0.067288034, 0.054317895, 0.028568972;
 0.035390727, 0.067288034, 0.083355203, 0.067288034, 0.035390727;
 0.028568972, 0.054317895, 0.067288034, 0.054317895, 0.028568972;
 0.015026101, 0.028568972, 0.035390727, 0.028568972, 0.015026101]
quantidade KeyPoints: 18525
Salvando keypoints ROIs no arquivo...
[3J[H[2Jviewpoint/10
Imagem HDR
S:0.999998
[0.015026101, 0.028568972, 0.035390727, 0.028568972, 0.015026101;
 0.028568972, 0.054317895, 0.067288034, 0.054317895, 0.028568972;
 0.035390727, 0.067288034, 0.083355203, 0.067288034, 0.035390727;
 0.028568972, 0.054317895, 0.067288034, 0.054317895, 0.028568972;
 0.015026101, 0.028568972, 0.035390727, 0.028568972, 0.015026101]
quantidade KeyPoints: 20808
Salvando keypoints ROIs no arquivo...
S:0.999998
[0.015026101, 0.028568972, 0.035390727, 0.028568972, 0.015026101;
 0.028568972, 0.054317895, 0.067288034, 0.054317895, 0.028568972;
 0.035390727, 0.067288034, 0.083355203, 0.067288034, 0.035390727;
 0.028568972, 0.054317895, 0.067288034, 0.054317895, 0.028568972;
 0.015026101, 0.028568972, 0.035390727, 0.028568972, 0.015026101]
quantidade KeyPoints: 18519
Salvando keypoints ROIs no arquivo...
S:0.999998
[0.015026101, 0.028568972, 0.035390727, 0.028568972, 0.015026101;
 0.028568972, 0.054317895, 0.067288034, 0.054317895, 0.028568972;
 0.035390727, 0.067288034, 0.083355203, 0.067288034, 0.035390727;
 0.028568972, 0.054317895, 0.067288034, 0.054317895, 0.028568972;
 0.015026101, 0.028568972, 0.035390727, 0.028568972, 0.015026101]
quantidade KeyPoints: 16731
Salvando keypoints ROIs no arquivo...
S:0.999998
[0.015026101, 0.028568972, 0.035390727, 0.028568972, 0.015026101;
 0.028568972, 0.054317895, 0.067288034, 0.054317895, 0.028568972;
 0.035390727, 0.067288034, 0.083355203, 0.067288034, 0.035390727;
 0.028568972, 0.054317895, 0.067288034, 0.054317895, 0.028568972;
 0.015026101, 0.028568972, 0.035390727, 0.028568972, 0.015026101]
quantidade KeyPoints: 19867
Salvando keypoints ROIs no arquivo...
S:0.999998
[0.015026101, 0.028568972, 0.035390727, 0.028568972, 0.015026101;
 0.028568972, 0.054317895, 0.067288034, 0.054317895, 0.028568972;
 0.035390727, 0.067288034, 0.083355203, 0.067288034, 0.035390727;
 0.028568972, 0.054317895, 0.067288034, 0.054317895, 0.028568972;
 0.015026101, 0.028568972, 0.035390727, 0.028568972, 0.015026101]
quantidade KeyPoints: 17497
Salvando keypoints ROIs no arquivo...
Imagem HDR
S:0.999998
[0.015026101, 0.028568972, 0.035390727, 0.028568972, 0.015026101;
 0.028568972, 0.054317895, 0.067288034, 0.054317895, 0.028568972;
 0.035390727, 0.067288034, 0.083355203, 0.067288034, 0.035390727;
 0.028568972, 0.054317895, 0.067288034, 0.054317895, 0.028568972;
 0.015026101, 0.028568972, 0.035390727, 0.028568972, 0.015026101]
quantidade KeyPoints: 18590
Salvando keypoints ROIs no arquivo...
[3J[H[2Jviewpoint/11
Imagem HDR
S:0.999998
[0.015026101, 0.028568972, 0.035390727, 0.028568972, 0.015026101;
 0.028568972, 0.054317895, 0.067288034, 0.054317895, 0.028568972;
 0.035390727, 0.067288034, 0.083355203, 0.067288034, 0.035390727;
 0.028568972, 0.054317895, 0.067288034, 0.054317895, 0.028568972;
 0.015026101, 0.028568972, 0.035390727, 0.028568972, 0.015026101]
quantidade KeyPoints: 21021
Salvando keypoints ROIs no arquivo...
S:0.999998
[0.015026101, 0.028568972, 0.035390727, 0.028568972, 0.015026101;
 0.028568972, 0.054317895, 0.067288034, 0.054317895, 0.028568972;
 0.035390727, 0.067288034, 0.083355203, 0.067288034, 0.035390727;
 0.028568972, 0.054317895, 0.067288034, 0.054317895, 0.028568972;
 0.015026101, 0.028568972, 0.035390727, 0.028568972, 0.015026101]
quantidade KeyPoints: 18342
Salvando keypoints ROIs no arquivo...
S:0.999998
[0.015026101, 0.028568972, 0.035390727, 0.028568972, 0.015026101;
 0.028568972, 0.054317895, 0.067288034, 0.054317895, 0.028568972;
 0.035390727, 0.067288034, 0.083355203, 0.067288034, 0.035390727;
 0.028568972, 0.054317895, 0.067288034, 0.054317895, 0.028568972;
 0.015026101, 0.028568972, 0.035390727, 0.028568972, 0.015026101]
quantidade KeyPoints: 16405
Salvando keypoints ROIs no arquivo...
S:0.999998
[0.015026101, 0.028568972, 0.035390727, 0.028568972, 0.015026101;
 0.028568972, 0.054317895, 0.067288034, 0.054317895, 0.028568972;
 0.035390727, 0.067288034, 0.083355203, 0.067288034, 0.035390727;
 0.028568972, 0.054317895, 0.067288034, 0.054317895, 0.028568972;
 0.015026101, 0.028568972, 0.035390727, 0.028568972, 0.015026101]
quantidade KeyPoints: 20779
Salvando keypoints ROIs no arquivo...
S:0.999998
[0.015026101, 0.028568972, 0.035390727, 0.028568972, 0.015026101;
 0.028568972, 0.054317895, 0.067288034, 0.054317895, 0.028568972;
 0.035390727, 0.067288034, 0.083355203, 0.067288034, 0.035390727;
 0.028568972, 0.054317895, 0.067288034, 0.054317895, 0.028568972;
 0.015026101, 0.028568972, 0.035390727, 0.028568972, 0.015026101]
quantidade KeyPoints: 17904
Salvando keypoints ROIs no arquivo...
Imagem HDR
S:0.999998
[0.015026101, 0.028568972, 0.035390727, 0.028568972, 0.015026101;
 0.028568972, 0.054317895, 0.067288034, 0.054317895, 0.028568972;
 0.035390727, 0.067288034, 0.083355203, 0.067288034, 0.035390727;
 0.028568972, 0.054317895, 0.067288034, 0.054317895, 0.028568972;
 0.015026101, 0.028568972, 0.035390727, 0.028568972, 0.015026101]
quantidade KeyPoints: 18628
Salvando keypoints ROIs no arquivo...
[3J[H[2Jviewpoint/12
Imagem HDR
S:0.999998
[0.015026101, 0.028568972, 0.035390727, 0.028568972, 0.015026101;
 0.028568972, 0.054317895, 0.067288034, 0.054317895, 0.028568972;
 0.035390727, 0.067288034, 0.083355203, 0.067288034, 0.035390727;
 0.028568972, 0.054317895, 0.067288034, 0.054317895, 0.028568972;
 0.015026101, 0.028568972, 0.035390727, 0.028568972, 0.015026101]
quantidade KeyPoints: 21103
Salvando keypoints ROIs no arquivo...
S:0.999998
[0.015026101, 0.028568972, 0.035390727, 0.028568972, 0.015026101;
 0.028568972, 0.054317895, 0.067288034, 0.054317895, 0.028568972;
 0.035390727, 0.067288034, 0.083355203, 0.067288034, 0.035390727;
 0.028568972, 0.054317895, 0.067288034, 0.054317895, 0.028568972;
 0.015026101, 0.028568972, 0.035390727, 0.028568972, 0.015026101]
quantidade KeyPoints: 18399
Salvando keypoints ROIs no arquivo...
S:0.999998
[0.015026101, 0.028568972, 0.035390727, 0.028568972, 0.015026101;
 0.028568972, 0.054317895, 0.067288034, 0.054317895, 0.028568972;
 0.035390727, 0.067288034, 0.083355203, 0.067288034, 0.035390727;
 0.028568972, 0.054317895, 0.067288034, 0.054317895, 0.028568972;
 0.015026101, 0.028568972, 0.035390727, 0.028568972, 0.015026101]
quantidade KeyPoints: 16610
Salvando keypoints ROIs no arquivo...
S:0.999998
[0.015026101, 0.028568972, 0.035390727, 0.028568972, 0.015026101;
 0.028568972, 0.054317895, 0.067288034, 0.054317895, 0.028568972;
 0.035390727, 0.067288034, 0.083355203, 0.067288034, 0.035390727;
 0.028568972, 0.054317895, 0.067288034, 0.054317895, 0.028568972;
 0.015026101, 0.028568972, 0.035390727, 0.028568972, 0.015026101]
quantidade KeyPoints: 23533
Salvando keypoints ROIs no arquivo...
S:0.999998
[0.015026101, 0.028568972, 0.035390727, 0.028568972, 0.015026101;
 0.028568972, 0.054317895, 0.067288034, 0.054317895, 0.028568972;
 0.035390727, 0.067288034, 0.083355203, 0.067288034, 0.035390727;
 0.028568972, 0.054317895, 0.067288034, 0.054317895, 0.028568972;
 0.015026101, 0.028568972, 0.035390727, 0.028568972, 0.015026101]
quantidade KeyPoints: 18016
Salvando keypoints ROIs no arquivo...
Imagem HDR
S:0.999998
[0.015026101, 0.028568972, 0.035390727, 0.028568972, 0.015026101;
 0.028568972, 0.054317895, 0.067288034, 0.054317895, 0.028568972;
 0.035390727, 0.067288034, 0.083355203, 0.067288034, 0.035390727;
 0.028568972, 0.054317895, 0.067288034, 0.054317895, 0.028568972;
 0.015026101, 0.028568972, 0.035390727, 0.028568972, 0.015026101]
quantidade KeyPoints: 18592
Salvando keypoints ROIs no arquivo...
[3J[H[2Jviewpoint/13
Imagem HDR
S:0.999998
[0.015026101, 0.028568972, 0.035390727, 0.028568972, 0.015026101;
 0.028568972, 0.054317895, 0.067288034, 0.054317895, 0.028568972;
 0.035390727, 0.067288034, 0.083355203, 0.067288034, 0.035390727;
 0.028568972, 0.054317895, 0.067288034, 0.054317895, 0.028568972;
 0.015026101, 0.028568972, 0.035390727, 0.028568972, 0.015026101]
quantidade KeyPoints: 21230
Salvando keypoints ROIs no arquivo...
S:0.999998
[0.015026101, 0.028568972, 0.035390727, 0.028568972, 0.015026101;
 0.028568972, 0.054317895, 0.067288034, 0.054317895, 0.028568972;
 0.035390727, 0.067288034, 0.083355203, 0.067288034, 0.035390727;
 0.028568972, 0.054317895, 0.067288034, 0.054317895, 0.028568972;
 0.015026101, 0.028568972, 0.035390727, 0.028568972, 0.015026101]
quantidade KeyPoints: 18696
Salvando keypoints ROIs no arquivo...
S:0.999998
[0.015026101, 0.028568972, 0.035390727, 0.028568972, 0.015026101;
 0.028568972, 0.054317895, 0.067288034, 0.054317895, 0.028568972;
 0.035390727, 0.067288034, 0.083355203, 0.067288034, 0.035390727;
 0.028568972, 0.054317895, 0.067288034, 0.054317895, 0.028568972;
 0.015026101, 0.028568972, 0.035390727, 0.028568972, 0.015026101]
quantidade KeyPoints: 16306
Salvando keypoints ROIs no arquivo...
S:0.999998
[0.015026101, 0.028568972, 0.035390727, 0.028568972, 0.015026101;
 0.028568972, 0.054317895, 0.067288034, 0.054317895, 0.028568972;
 0.035390727, 0.067288034, 0.083355203, 0.067288034, 0.035390727;
 0.028568972, 0.054317895, 0.067288034, 0.054317895, 0.028568972;
 0.015026101, 0.028568972, 0.035390727, 0.028568972, 0.015026101]
quantidade KeyPoints: 24639
Salvando keypoints ROIs no arquivo...
S:0.999998
[0.015026101, 0.028568972, 0.035390727, 0.028568972, 0.015026101;
 0.028568972, 0.054317895, 0.067288034, 0.054317895, 0.028568972;
 0.035390727, 0.067288034, 0.083355203, 0.067288034, 0.035390727;
 0.028568972, 0.054317895, 0.067288034, 0.054317895, 0.028568972;
 0.015026101, 0.028568972, 0.035390727, 0.028568972, 0.015026101]
quantidade KeyPoints: 17583
Salvando keypoints ROIs no arquivo...
Imagem HDR
S:0.999998
[0.015026101, 0.028568972, 0.035390727, 0.028568972, 0.015026101;
 0.028568972, 0.054317895, 0.067288034, 0.054317895, 0.028568972;
 0.035390727, 0.067288034, 0.083355203, 0.067288034, 0.035390727;
 0.028568972, 0.054317895, 0.067288034, 0.054317895, 0.028568972;
 0.015026101, 0.028568972, 0.035390727, 0.028568972, 0.015026101]
quantidade KeyPoints: 18493
Salvando keypoints ROIs no arquivo...
[3J[H[2Jviewpoint/14
Imagem HDR
S:0.999998
[0.015026101, 0.028568972, 0.035390727, 0.028568972, 0.015026101;
 0.028568972, 0.054317895, 0.067288034, 0.054317895, 0.028568972;
 0.035390727, 0.067288034, 0.083355203, 0.067288034, 0.035390727;
 0.028568972, 0.054317895, 0.067288034, 0.054317895, 0.028568972;
 0.015026101, 0.028568972, 0.035390727, 0.028568972, 0.015026101]
quantidade KeyPoints: 22122
Salvando keypoints ROIs no arquivo...
S:0.999998
[0.015026101, 0.028568972, 0.035390727, 0.028568972, 0.015026101;
 0.028568972, 0.054317895, 0.067288034, 0.054317895, 0.028568972;
 0.035390727, 0.067288034, 0.083355203, 0.067288034, 0.035390727;
 0.028568972, 0.054317895, 0.067288034, 0.054317895, 0.028568972;
 0.015026101, 0.028568972, 0.035390727, 0.028568972, 0.015026101]
quantidade KeyPoints: 18341
Salvando keypoints ROIs no arquivo...
S:0.999998
[0.015026101, 0.028568972, 0.035390727, 0.028568972, 0.015026101;
 0.028568972, 0.054317895, 0.067288034, 0.054317895, 0.028568972;
 0.035390727, 0.067288034, 0.083355203, 0.067288034, 0.035390727;
 0.028568972, 0.054317895, 0.067288034, 0.054317895, 0.028568972;
 0.015026101, 0.028568972, 0.035390727, 0.028568972, 0.015026101]
quantidade KeyPoints: 16302
Salvando keypoints ROIs no arquivo...
S:0.999998
[0.015026101, 0.028568972, 0.035390727, 0.028568972, 0.015026101;
 0.028568972, 0.054317895, 0.067288034, 0.054317895, 0.028568972;
 0.035390727, 0.067288034, 0.083355203, 0.067288034, 0.035390727;
 0.028568972, 0.054317895, 0.067288034, 0.054317895, 0.028568972;
 0.015026101, 0.028568972, 0.035390727, 0.028568972, 0.015026101]
quantidade KeyPoints: 25076
Salvando keypoints ROIs no arquivo...
S:0.999998
[0.015026101, 0.028568972, 0.035390727, 0.028568972, 0.015026101;
 0.028568972, 0.054317895, 0.067288034, 0.054317895, 0.028568972;
 0.035390727, 0.067288034, 0.083355203, 0.067288034, 0.035390727;
 0.028568972, 0.054317895, 0.067288034, 0.054317895, 0.028568972;
 0.015026101, 0.028568972, 0.035390727, 0.028568972, 0.015026101]
quantidade KeyPoints: 18045
Salvando keypoints ROIs no arquivo...
Imagem HDR
S:0.999998
[0.015026101, 0.028568972, 0.035390727, 0.028568972, 0.015026101;
 0.028568972, 0.054317895, 0.067288034, 0.054317895, 0.028568972;
 0.035390727, 0.067288034, 0.083355203, 0.067288034, 0.035390727;
 0.028568972, 0.054317895, 0.067288034, 0.054317895, 0.028568972;
 0.015026101, 0.028568972, 0.035390727, 0.028568972, 0.015026101]
quantidade KeyPoints: 18717
Salvando keypoints ROIs no arquivo...
[3J[H[2Jviewpoint/15
Imagem HDR
S:0.999998
[0.015026101, 0.028568972, 0.035390727, 0.028568972, 0.015026101;
 0.028568972, 0.054317895, 0.067288034, 0.054317895, 0.028568972;
 0.035390727, 0.067288034, 0.083355203, 0.067288034, 0.035390727;
 0.028568972, 0.054317895, 0.067288034, 0.054317895, 0.028568972;
 0.015026101, 0.028568972, 0.035390727, 0.028568972, 0.015026101]
quantidade KeyPoints: 21580
Salvando keypoints ROIs no arquivo...
S:0.999998
[0.015026101, 0.028568972, 0.035390727, 0.028568972, 0.015026101;
 0.028568972, 0.054317895, 0.067288034, 0.054317895, 0.028568972;
 0.035390727, 0.067288034, 0.083355203, 0.067288034, 0.035390727;
 0.028568972, 0.054317895, 0.067288034, 0.054317895, 0.028568972;
 0.015026101, 0.028568972, 0.035390727, 0.028568972, 0.015026101]
quantidade KeyPoints: 17897
Salvando keypoints ROIs no arquivo...
S:0.999998
[0.015026101, 0.028568972, 0.035390727, 0.028568972, 0.015026101;
 0.028568972, 0.054317895, 0.067288034, 0.054317895, 0.028568972;
 0.035390727, 0.067288034, 0.083355203, 0.067288034, 0.035390727;
 0.028568972, 0.054317895, 0.067288034, 0.054317895, 0.028568972;
 0.015026101, 0.028568972, 0.035390727, 0.028568972, 0.015026101]
quantidade KeyPoints: 15801
Salvando keypoints ROIs no arquivo...
S:0.999998
[0.015026101, 0.028568972, 0.035390727, 0.028568972, 0.015026101;
 0.028568972, 0.054317895, 0.067288034, 0.054317895, 0.028568972;
 0.035390727, 0.067288034, 0.083355203, 0.067288034, 0.035390727;
 0.028568972, 0.054317895, 0.067288034, 0.054317895, 0.028568972;
 0.015026101, 0.028568972, 0.035390727, 0.028568972, 0.015026101]
quantidade KeyPoints: 24630
Salvando keypoints ROIs no arquivo...
S:0.999998
[0.015026101, 0.028568972, 0.035390727, 0.028568972, 0.015026101;
 0.028568972, 0.054317895, 0.067288034, 0.054317895, 0.028568972;
 0.035390727, 0.067288034, 0.083355203, 0.067288034, 0.035390727;
 0.028568972, 0.054317895, 0.067288034, 0.054317895, 0.028568972;
 0.015026101, 0.028568972, 0.035390727, 0.028568972, 0.015026101]
quantidade KeyPoints: 18324
Salvando keypoints ROIs no arquivo...
Imagem HDR
S:0.999998
[0.015026101, 0.028568972, 0.035390727, 0.028568972, 0.015026101;
 0.028568972, 0.054317895, 0.067288034, 0.054317895, 0.028568972;
 0.035390727, 0.067288034, 0.083355203, 0.067288034, 0.035390727;
 0.028568972, 0.054317895, 0.067288034, 0.054317895, 0.028568972;
 0.015026101, 0.028568972, 0.035390727, 0.028568972, 0.015026101]
quantidade KeyPoints: 19099
Salvando keypoints ROIs no arquivo...
[3J[H[2Jviewpoint/16
Imagem HDR
S:0.999998
[0.015026101, 0.028568972, 0.035390727, 0.028568972, 0.015026101;
 0.028568972, 0.054317895, 0.067288034, 0.054317895, 0.028568972;
 0.035390727, 0.067288034, 0.083355203, 0.067288034, 0.035390727;
 0.028568972, 0.054317895, 0.067288034, 0.054317895, 0.028568972;
 0.015026101, 0.028568972, 0.035390727, 0.028568972, 0.015026101]
quantidade KeyPoints: 22086
Salvando keypoints ROIs no arquivo...
S:0.999998
[0.015026101, 0.028568972, 0.035390727, 0.028568972, 0.015026101;
 0.028568972, 0.054317895, 0.067288034, 0.054317895, 0.028568972;
 0.035390727, 0.067288034, 0.083355203, 0.067288034, 0.035390727;
 0.028568972, 0.054317895, 0.067288034, 0.054317895, 0.028568972;
 0.015026101, 0.028568972, 0.035390727, 0.028568972, 0.015026101]
quantidade KeyPoints: 17688
Salvando keypoints ROIs no arquivo...
S:0.999998
[0.015026101, 0.028568972, 0.035390727, 0.028568972, 0.015026101;
 0.028568972, 0.054317895, 0.067288034, 0.054317895, 0.028568972;
 0.035390727, 0.067288034, 0.083355203, 0.067288034, 0.035390727;
 0.028568972, 0.054317895, 0.067288034, 0.054317895, 0.028568972;
 0.015026101, 0.028568972, 0.035390727, 0.028568972, 0.015026101]
quantidade KeyPoints: 16209
Salvando keypoints ROIs no arquivo...
S:0.999998
[0.015026101, 0.028568972, 0.035390727, 0.028568972, 0.015026101;
 0.028568972, 0.054317895, 0.067288034, 0.054317895, 0.028568972;
 0.035390727, 0.067288034, 0.083355203, 0.067288034, 0.035390727;
 0.028568972, 0.054317895, 0.067288034, 0.054317895, 0.028568972;
 0.015026101, 0.028568972, 0.035390727, 0.028568972, 0.015026101]
quantidade KeyPoints: 24257
Salvando keypoints ROIs no arquivo...
S:0.999998
[0.015026101, 0.028568972, 0.035390727, 0.028568972, 0.015026101;
 0.028568972, 0.054317895, 0.067288034, 0.054317895, 0.028568972;
 0.035390727, 0.067288034, 0.083355203, 0.067288034, 0.035390727;
 0.028568972, 0.054317895, 0.067288034, 0.054317895, 0.028568972;
 0.015026101, 0.028568972, 0.035390727, 0.028568972, 0.015026101]
quantidade KeyPoints: 17780
Salvando keypoints ROIs no arquivo...
Imagem HDR
S:0.999998
[0.015026101, 0.028568972, 0.035390727, 0.028568972, 0.015026101;
 0.028568972, 0.054317895, 0.067288034, 0.054317895, 0.028568972;
 0.035390727, 0.067288034, 0.083355203, 0.067288034, 0.035390727;
 0.028568972, 0.054317895, 0.067288034, 0.054317895, 0.028568972;
 0.015026101, 0.028568972, 0.035390727, 0.028568972, 0.015026101]
quantidade KeyPoints: 20040
Salvando keypoints ROIs no arquivo...
[3J[H[2Jviewpoint/17
Imagem HDR
S:0.999998
[0.015026101, 0.028568972, 0.035390727, 0.028568972, 0.015026101;
 0.028568972, 0.054317895, 0.067288034, 0.054317895, 0.028568972;
 0.035390727, 0.067288034, 0.083355203, 0.067288034, 0.035390727;
 0.028568972, 0.054317895, 0.067288034, 0.054317895, 0.028568972;
 0.015026101, 0.028568972, 0.035390727, 0.028568972, 0.015026101]
quantidade KeyPoints: 21731
Salvando keypoints ROIs no arquivo...
S:0.999998
[0.015026101, 0.028568972, 0.035390727, 0.028568972, 0.015026101;
 0.028568972, 0.054317895, 0.067288034, 0.054317895, 0.028568972;
 0.035390727, 0.067288034, 0.083355203, 0.067288034, 0.035390727;
 0.028568972, 0.054317895, 0.067288034, 0.054317895, 0.028568972;
 0.015026101, 0.028568972, 0.035390727, 0.028568972, 0.015026101]
quantidade KeyPoints: 17486
Salvando keypoints ROIs no arquivo...
S:0.999998
[0.015026101, 0.028568972, 0.035390727, 0.028568972, 0.015026101;
 0.028568972, 0.054317895, 0.067288034, 0.054317895, 0.028568972;
 0.035390727, 0.067288034, 0.083355203, 0.067288034, 0.035390727;
 0.028568972, 0.054317895, 0.067288034, 0.054317895, 0.028568972;
 0.015026101, 0.028568972, 0.035390727, 0.028568972, 0.015026101]
quantidade KeyPoints: 15978
Salvando keypoints ROIs no arquivo...
S:0.999998
[0.015026101, 0.028568972, 0.035390727, 0.028568972, 0.015026101;
 0.028568972, 0.054317895, 0.067288034, 0.054317895, 0.028568972;
 0.035390727, 0.067288034, 0.083355203, 0.067288034, 0.035390727;
 0.028568972, 0.054317895, 0.067288034, 0.054317895, 0.028568972;
 0.015026101, 0.028568972, 0.035390727, 0.028568972, 0.015026101]
quantidade KeyPoints: 23802
Salvando keypoints ROIs no arquivo...
S:0.999998
[0.015026101, 0.028568972, 0.035390727, 0.028568972, 0.015026101;
 0.028568972, 0.054317895, 0.067288034, 0.054317895, 0.028568972;
 0.035390727, 0.067288034, 0.083355203, 0.067288034, 0.035390727;
 0.028568972, 0.054317895, 0.067288034, 0.054317895, 0.028568972;
 0.015026101, 0.028568972, 0.035390727, 0.028568972, 0.015026101]
quantidade KeyPoints: 18619
Salvando keypoints ROIs no arquivo...
Imagem HDR
S:0.999998
[0.015026101, 0.028568972, 0.035390727, 0.028568972, 0.015026101;
 0.028568972, 0.054317895, 0.067288034, 0.054317895, 0.028568972;
 0.035390727, 0.067288034, 0.083355203, 0.067288034, 0.035390727;
 0.028568972, 0.054317895, 0.067288034, 0.054317895, 0.028568972;
 0.015026101, 0.028568972, 0.035390727, 0.028568972, 0.015026101]
quantidade KeyPoints: 19205
Salvando keypoints ROIs no arquivo...
[3J[H[2Jviewpoint/18
Imagem HDR
S:0.999998
[0.015026101, 0.028568972, 0.035390727, 0.028568972, 0.015026101;
 0.028568972, 0.054317895, 0.067288034, 0.054317895, 0.028568972;
 0.035390727, 0.067288034, 0.083355203, 0.067288034, 0.035390727;
 0.028568972, 0.054317895, 0.067288034, 0.054317895, 0.028568972;
 0.015026101, 0.028568972, 0.035390727, 0.028568972, 0.015026101]
quantidade KeyPoints: 21675
Salvando keypoints ROIs no arquivo...
S:0.999998
[0.015026101, 0.028568972, 0.035390727, 0.028568972, 0.015026101;
 0.028568972, 0.054317895, 0.067288034, 0.054317895, 0.028568972;
 0.035390727, 0.067288034, 0.083355203, 0.067288034, 0.035390727;
 0.028568972, 0.054317895, 0.067288034, 0.054317895, 0.028568972;
 0.015026101, 0.028568972, 0.035390727, 0.028568972, 0.015026101]
quantidade KeyPoints: 17337
Salvando keypoints ROIs no arquivo...
S:0.999998
[0.015026101, 0.028568972, 0.035390727, 0.028568972, 0.015026101;
 0.028568972, 0.054317895, 0.067288034, 0.054317895, 0.028568972;
 0.035390727, 0.067288034, 0.083355203, 0.067288034, 0.035390727;
 0.028568972, 0.054317895, 0.067288034, 0.054317895, 0.028568972;
 0.015026101, 0.028568972, 0.035390727, 0.028568972, 0.015026101]
quantidade KeyPoints: 16024
Salvando keypoints ROIs no arquivo...
S:0.999998
[0.015026101, 0.028568972, 0.035390727, 0.028568972, 0.015026101;
 0.028568972, 0.054317895, 0.067288034, 0.054317895, 0.028568972;
 0.035390727, 0.067288034, 0.083355203, 0.067288034, 0.035390727;
 0.028568972, 0.054317895, 0.067288034, 0.054317895, 0.028568972;
 0.015026101, 0.028568972, 0.035390727, 0.028568972, 0.015026101]
quantidade KeyPoints: 24026
Salvando keypoints ROIs no arquivo...
S:0.999998
[0.015026101, 0.028568972, 0.035390727, 0.028568972, 0.015026101;
 0.028568972, 0.054317895, 0.067288034, 0.054317895, 0.028568972;
 0.035390727, 0.067288034, 0.083355203, 0.067288034, 0.035390727;
 0.028568972, 0.054317895, 0.067288034, 0.054317895, 0.028568972;
 0.015026101, 0.028568972, 0.035390727, 0.028568972, 0.015026101]
quantidade KeyPoints: 18925
Salvando keypoints ROIs no arquivo...
Imagem HDR
S:0.999998
[0.015026101, 0.028568972, 0.035390727, 0.028568972, 0.015026101;
 0.028568972, 0.054317895, 0.067288034, 0.054317895, 0.028568972;
 0.035390727, 0.067288034, 0.083355203, 0.067288034, 0.035390727;
 0.028568972, 0.054317895, 0.067288034, 0.054317895, 0.028568972;
 0.015026101, 0.028568972, 0.035390727, 0.028568972, 0.015026101]
quantidade KeyPoints: 19285
Salvando keypoints ROIs no arquivo...
[3J[H[2Jviewpoint/19
Imagem HDR
S:0.999998
[0.015026101, 0.028568972, 0.035390727, 0.028568972, 0.015026101;
 0.028568972, 0.054317895, 0.067288034, 0.054317895, 0.028568972;
 0.035390727, 0.067288034, 0.083355203, 0.067288034, 0.035390727;
 0.028568972, 0.054317895, 0.067288034, 0.054317895, 0.028568972;
 0.015026101, 0.028568972, 0.035390727, 0.028568972, 0.015026101]
quantidade KeyPoints: 21716
Salvando keypoints ROIs no arquivo...
S:0.999998
[0.015026101, 0.028568972, 0.035390727, 0.028568972, 0.015026101;
 0.028568972, 0.054317895, 0.067288034, 0.054317895, 0.028568972;
 0.035390727, 0.067288034, 0.083355203, 0.067288034, 0.035390727;
 0.028568972, 0.054317895, 0.067288034, 0.054317895, 0.028568972;
 0.015026101, 0.028568972, 0.035390727, 0.028568972, 0.015026101]
quantidade KeyPoints: 17274
Salvando keypoints ROIs no arquivo...
S:0.999998
[0.015026101, 0.028568972, 0.035390727, 0.028568972, 0.015026101;
 0.028568972, 0.054317895, 0.067288034, 0.054317895, 0.028568972;
 0.035390727, 0.067288034, 0.083355203, 0.067288034, 0.035390727;
 0.028568972, 0.054317895, 0.067288034, 0.054317895, 0.028568972;
 0.015026101, 0.028568972, 0.035390727, 0.028568972, 0.015026101]
quantidade KeyPoints: 15952
Salvando keypoints ROIs no arquivo...
S:0.999998
[0.015026101, 0.028568972, 0.035390727, 0.028568972, 0.015026101;
 0.028568972, 0.054317895, 0.067288034, 0.054317895, 0.028568972;
 0.035390727, 0.067288034, 0.083355203, 0.067288034, 0.035390727;
 0.028568972, 0.054317895, 0.067288034, 0.054317895, 0.028568972;
 0.015026101, 0.028568972, 0.035390727, 0.028568972, 0.015026101]
quantidade KeyPoints: 25760
Salvando keypoints ROIs no arquivo...
S:0.999998
[0.015026101, 0.028568972, 0.035390727, 0.028568972, 0.015026101;
 0.028568972, 0.054317895, 0.067288034, 0.054317895, 0.028568972;
 0.035390727, 0.067288034, 0.083355203, 0.067288034, 0.035390727;
 0.028568972, 0.054317895, 0.067288034, 0.054317895, 0.028568972;
 0.015026101, 0.028568972, 0.035390727, 0.028568972, 0.015026101]
quantidade KeyPoints: 19174
Salvando keypoints ROIs no arquivo...
Imagem HDR
S:0.999998
[0.015026101, 0.028568972, 0.035390727, 0.028568972, 0.015026101;
 0.028568972, 0.054317895, 0.067288034, 0.054317895, 0.028568972;
 0.035390727, 0.067288034, 0.083355203, 0.067288034, 0.035390727;
 0.028568972, 0.054317895, 0.067288034, 0.054317895, 0.028568972;
 0.015026101, 0.028568972, 0.035390727, 0.028568972, 0.015026101]
quantidade KeyPoints: 19228
Salvando keypoints ROIs no arquivo...
[3J[H[2Jviewpoint/20
Imagem HDR
S:0.999998
[0.015026101, 0.028568972, 0.035390727, 0.028568972, 0.015026101;
 0.028568972, 0.054317895, 0.067288034, 0.054317895, 0.028568972;
 0.035390727, 0.067288034, 0.083355203, 0.067288034, 0.035390727;
 0.028568972, 0.054317895, 0.067288034, 0.054317895, 0.028568972;
 0.015026101, 0.028568972, 0.035390727, 0.028568972, 0.015026101]
quantidade KeyPoints: 21963
Salvando keypoints ROIs no arquivo...
S:0.999998
[0.015026101, 0.028568972, 0.035390727, 0.028568972, 0.015026101;
 0.028568972, 0.054317895, 0.067288034, 0.054317895, 0.028568972;
 0.035390727, 0.067288034, 0.083355203, 0.067288034, 0.035390727;
 0.028568972, 0.054317895, 0.067288034, 0.054317895, 0.028568972;
 0.015026101, 0.028568972, 0.035390727, 0.028568972, 0.015026101]
quantidade KeyPoints: 17075
Salvando keypoints ROIs no arquivo...
S:0.999998
[0.015026101, 0.028568972, 0.035390727, 0.028568972, 0.015026101;
 0.028568972, 0.054317895, 0.067288034, 0.054317895, 0.028568972;
 0.035390727, 0.067288034, 0.083355203, 0.067288034, 0.035390727;
 0.028568972, 0.054317895, 0.067288034, 0.054317895, 0.028568972;
 0.015026101, 0.028568972, 0.035390727, 0.028568972, 0.015026101]
quantidade KeyPoints: 16288
Salvando keypoints ROIs no arquivo...
S:0.999998
[0.015026101, 0.028568972, 0.035390727, 0.028568972, 0.015026101;
 0.028568972, 0.054317895, 0.067288034, 0.054317895, 0.028568972;
 0.035390727, 0.067288034, 0.083355203, 0.067288034, 0.035390727;
 0.028568972, 0.054317895, 0.067288034, 0.054317895, 0.028568972;
 0.015026101, 0.028568972, 0.035390727, 0.028568972, 0.015026101]
quantidade KeyPoints: 24156
Salvando keypoints ROIs no arquivo...
S:0.999998
[0.015026101, 0.028568972, 0.035390727, 0.028568972, 0.015026101;
 0.028568972, 0.054317895, 0.067288034, 0.054317895, 0.028568972;
 0.035390727, 0.067288034, 0.083355203, 0.067288034, 0.035390727;
 0.028568972, 0.054317895, 0.067288034, 0.054317895, 0.028568972;
 0.015026101, 0.028568972, 0.035390727, 0.028568972, 0.015026101]
quantidade KeyPoints: 19366
Salvando keypoints ROIs no arquivo...
Imagem HDR
S:0.999998
[0.015026101, 0.028568972, 0.035390727, 0.028568972, 0.015026101;
 0.028568972, 0.054317895, 0.067288034, 0.054317895, 0.028568972;
 0.035390727, 0.067288034, 0.083355203, 0.067288034, 0.035390727;
 0.028568972, 0.054317895, 0.067288034, 0.054317895, 0.028568972;
 0.015026101, 0.028568972, 0.035390727, 0.028568972, 0.015026101]
quantidade KeyPoints: 19257
Salvando keypoints ROIs no arquivo...
[3J[H[2Jdistance/100
[3J[H[2Jdistance/122
[3J[H[2Jlighting/001
[3J[H[2Jlighting/100
Imagem HDR
quantidade KeyPoints: 5974
Salvando keypoints ROIs no arquivo...
Imagem HDR
quantidade KeyPoints: 9006
Salvando keypoints ROIs no arquivo...
Imagem HDR
quantidade KeyPoints: 6779
Salvando keypoints ROIs no arquivo...
Imagem HDR
quantidade KeyPoints: 4899
Salvando keypoints ROIs no arquivo...
quantidade KeyPoints: 9134
Salvando keypoints ROIs no arquivo...
quantidade KeyPoints: 9649
Salvando keypoints ROIs no arquivo...
[3J[H[2Jviewpoint/00
[3J[H[2Jviewpoint/06
quantidade KeyPoints: 14
Salvando keypoints ROIs no arquivo...
[3J[H[2Jviewpoint/11
quantidade KeyPoints: 9663
Salvando keypoints ROIs no arquivo...
quantidade KeyPoints: 384
Salvando keypoints ROIs no arquivo...
[3J[H[2Jviewpoint/16
quantidade KeyPoints: 9022
Salvando keypoints ROIs no arquivo...
quantidade KeyPoints: 17
Salvando keypoints ROIs no arquivo...
Imagem HDR
quantidade KeyPoints: 5662
Salvando keypoints ROIs no arquivo...
Imagem HDR
quantidade KeyPoints: 3822
Salvando keypoints ROIs no arquivo...
[3J[H[2Jdistance/103
Imagem HDR
quantidade KeyPoints: 5701
Salvando keypoints ROIs no arquivo...
Imagem HDR
quantidade KeyPoints: 5883
Salvando keypoints ROIs no arquivo...
[3J[H[2Jdistance/147
quantidade KeyPoints: 0
Salvando keypoints ROIs no arquivo...
Imagem HDR
quantidade KeyPoints: 5031
Salvando keypoints ROIs no arquivo...
Imagem HDR
quantidade KeyPoints: 5688
Salvando keypoints ROIs no arquivo...
Imagem HDR
quantidade KeyPoints: 4247
Salvando keypoints ROIs no arquivo...
[3J[H[2Jlighting/010
Imagem HDR
quantidade KeyPoints: 2953
Salvando keypoints ROIs no arquivo...
[3J[H[2Jlighting/101
quantidade KeyPoints: 8970
Salvando keypoints ROIs no arquivo...
Imagem HDR
quantidade KeyPoints: 6970
Salvando keypoints ROIs no arquivo...
quantidade KeyPoints: 9102
Salvando keypoints ROIs no arquivo...
Imagem HDR
quantidade KeyPoints: 10265
Salvando keypoints ROIs no arquivo...
quantidade KeyPoints: 9070
Salvando keypoints ROIs no arquivo...
quantidade KeyPoints: 4
Salvando keypoints ROIs no arquivo...
quantidade KeyPoints: 9458
Salvando keypoints ROIs no arquivo...
Imagem HDR
quantidade KeyPoints: 5807
Salvando keypoints ROIs no arquivo...
quantidade KeyPoints: 1
Salvando keypoints ROIs no arquivo...
quantidade KeyPoints: 2
Salvando keypoints ROIs no arquivo...
Imagem HDR
quantidade KeyPoints: 6240
Salvando keypoints ROIs no arquivo...
quantidade KeyPoints: 1
Salvando keypoints ROIs no arquivo...
quantidade KeyPoints: 9507
Salvando keypoints ROIs no arquivo...
Imagem HDR
quantidade KeyPoints: 3270
Salvando keypoints ROIs no arquivo...
[3J[H[2Jviewpoint/01
quantidade KeyPoints: 9611
Salvando keypoints ROIs no arquivo...
Imagem HDR
quantidade KeyPoints: 3254
Salvando keypoints ROIs no arquivo...
[3J[H[2Jviewpoint/07
Imagem HDR
quantidade KeyPoints: 3151
Salvando keypoints ROIs no arquivo...
[3J[H[2Jviewpoint/12
quantidade KeyPoints: 19
Salvando keypoints ROIs no arquivo...
quantidade KeyPoints: 9499
Salvando keypoints ROIs no arquivo...
Imagem HDR
quantidade KeyPoints: 4202
Salvando keypoints ROIs no arquivo...
[3J[H[2Jviewpoint/17
quantidade KeyPoints: 1101
Salvando keypoints ROIs no arquivo...
quantidade KeyPoints: 9286
Salvando keypoints ROIs no arquivo...
